00:00:00.538 |I| Configuration LogValueChange: ResScale set to: 1
00:00:00.550 |I| Configuration LogValueChange: ResScaleCustom set to: 1
00:00:00.550 |I| Configuration LogValueChange: MaxAnisotropy set to: -1
00:00:00.552 |I| Configuration LogValueChange: AspectRatio set to: Stretched
00:00:00.557 |I| Configuration LogValueChange: BackendThreading set to: On
00:00:00.558 |I| Configuration LogValueChange: GraphicsBackend set to: Vulkan
00:00:00.559 |I| Configuration LogValueChange: PreferredGpu set to: 0x10DE_0x2187
00:00:00.560 |I| Configuration LogValueChange: AntiAliasing set to: None
00:00:00.561 |I| Configuration LogValueChange: ScalingFilter set to: Bilinear
00:00:00.561 |I| Configuration LogValueChange: ScalingFilterLevel set to: 80
00:00:00.564 |I| Configuration LogValueChange: EnableDockedMode set to: True
00:00:00.576 |I| Configuration LogValueChange: EnableVsync set to: True
00:00:00.576 |I| Configuration LogValueChange: EnableShaderCache set to: True
00:00:00.576 |I| Configuration LogValueChange: EnableTextureRecompression set to: False
00:00:00.576 |I| Configuration LogValueChange: EnableMacroHLE set to: True
00:00:00.576 |I| Configuration LogValueChange: EnableColorSpacePassthrough set to: False
00:00:00.576 |I| Configuration LogValueChange: EnablePtc set to: True
00:00:00.576 |I| Configuration LogValueChange: EnableInternetAccess set to: True
00:00:00.576 |I| Configuration LogValueChange: EnableFsIntegrityChecks set to: True
00:00:00.577 |I| Configuration LogValueChange: FsGlobalAccessLogMode set to: 0
00:00:00.578 |I| Configuration LogValueChange: AudioBackend set to: OpenAl
00:00:00.578 |I| Configuration LogValueChange: AudioVolume set to: 1
00:00:00.580 |I| Configuration LogValueChange: MemoryManagerMode set to: HostMappedUnsafe
00:00:00.580 |I| Configuration LogValueChange: ExpandRam set to: False
00:00:00.580 |I| Configuration LogValueChange: IgnoreMissingServices set to: False
00:00:00.580 |I| Configuration LogValueChange: UseHypervisor set to: True
00:00:00.589 |I| Configuration LogValueChange: MultiplayerMode set to: Disabled
00:00:00.595 |N| Application PrintSystemInfo: Ryujinx Version: 1.1.1386
00:00:00.601 |N| Application Print: Operating System: Microsoft Windows 10.0.19045 (X64)
00:00:00.601 |N| Application Print: CPU: Intel(R) Core(TM) i7-3770K CPU @ 3.50GHz ; 8 logical
00:00:00.605 |N| Application Print: RAM: Total 11.9 GiB ; Available 4.5 GiB
00:00:00.609 |N| Application PrintSystemInfo: Logs Enabled: Info, Warning, Error, Guest, Stub
00:00:00.610 |N| Application PrintSystemInfo: Launch Mode: Portable
00:00:04.956 |W| GUI.ApplicationLibraryThread Application LoadApplications: The specified game directory "D:\Roms\Nintendo - Switch\Games" does not exist.
00:00:05.242 |W| GUI.ApplicationLibraryThread Application TryGetApplicationsFromFile: The file encountered was not of a valid type. File: 'E:\Roms\Nintendo - Switch\Games\Sonic NS (Homebrew).nsp' Error: System.NullReferenceException: Object reference not set to an instance of an object.
   at Ryujinx.HLE.Loaders.Processes.Extensions.NcaExtensions.GetProgramIdBase(Nca nca) in D:\a\Ryujinx\Ryujinx\src\Ryujinx.HLE\Loaders\Processes\Extensions\NcaExtensions.cs:line 100
   at Ryujinx.HLE.Loaders.Processes.Extensions.NcaExtensions.GetUpdateData(Nca mainNca, VirtualFileSystem fileSystem, IntegrityCheckLevel checkLevel, Int32 programIndex, String& updatePath) in D:\a\Ryujinx\Ryujinx\src\Ryujinx.HLE\Loaders\Processes\Extensions\NcaExtensions.cs:line 139
   at Ryujinx.UI.App.Common.ApplicationLibrary.IsUpdateApplied(Nca mainNca, IFileSystem& updatedControlFs) in D:\a\Ryujinx\Ryujinx\src\Ryujinx.UI.Common\App\ApplicationLibrary.cs:line 919
   at Ryujinx.UI.App.Common.ApplicationLibrary.GetApplicationsFromPfs(IFileSystem pfs, String filePath) in D:\a\Ryujinx\Ryujinx\src\Ryujinx.UI.Common\App\ApplicationLibrary.cs:line 204
   at Ryujinx.UI.App.Common.ApplicationLibrary.GetApplicationFromNsp(PartitionFileSystem pfs, String filePath) in D:\a\Ryujinx\Ryujinx\src\Ryujinx.UI.Common\App\ApplicationLibrary.cs:line 157
   at Ryujinx.UI.App.Common.ApplicationLibrary.TryGetApplicationsFromFile(String applicationPath, List`1& applications) in D:\a\Ryujinx\Ryujinx\src\Ryujinx.UI.Common\App\ApplicationLibrary.cs:line 311
00:00:00.103 |I| Gpu : Backend Threading (On): True
00:00:00.779 |N| Application LoadGuestApplication: Using Firmware Version: 18.1.0
00:00:00.779 |I| Application LoadGuestApplication: Loading as NSP.
00:00:00.896 |W| Application TryLoad: Cannot find AddOnContent file D:\Roms\Nintendo - Switch\DLC\Mario Kart 8 Deluxe [DLC Booster Course Pass] [0100152000023001][v65536][US](nsw2u.com).nsp. It may have been moved or renamed.
00:00:00.934 |I| ModLoader QueryContentsDir: Searching mods for Application 0100152000022000 in "G:\Apps\Emulators\Ryujinx\portable\mods\contents"
00:00:00.957 |I| ModLoader AddModsFromDirectory: Found disabled mod '(Skin Pack) Custom 1' [R]
00:00:00.958 |I| ModLoader AddModsFromDirectory: Found disabled mod '60FPS in Split Screen' [E]
00:00:00.960 |I| ModLoader QueryContentsDir: Searching mods for Application 0100152000022000 in "G:\Apps\Emulators\Ryujinx\portable\sdcard\atmosphere\contents"
00:00:00.964 |I| Loader Load: Loading rtld...
00:00:00.974 |I| Loader PrintRoSectionInfo: rtld:
    Module: nnrtld
00:00:00.974 |I| Loader Load: Loading main...
00:00:01.318 |I| Loader PrintRoSectionInfo: main:
    Module: D:\home\Project\TurboS\App\Rom\NX32\Product\TurboS.nss
    SDK Libraries: SDK MW+Nintendo+PiaCommon-5_2_5
                   SDK MW+Nintendo+Pia-5_2_5
                   SDK MW+Nintendo+NEX-4_0_7-apptrbs
                   SDK MW+Nintendo+NintendoSDK_gfx-0_12_16-Release
                   SDK MW+Nintendo+NintendoWare_G3d-0_12_16-Release
                   SDK MW+Nintendo+NintendoWare_Vfx-0_12_16-Release
                   SDK MW+Nintendo+NintendoWare_Atk-0_12_16-Release
                   SDK MW+Nintendo+PiaInet-5_2_5
                   SDK MW+Nintendo+PiaLan-5_2_5
                   SDK MW+Nintendo+PiaSession-5_2_5
                   SDK MW+Nintendo+PiaTransport-5_2_5
                   SDK MW+Nintendo+PiaLocal-5_2_5
                   SDK MW+Nintendo+NintendoWare_Font-0_12_16-Release
                   SDK MW+Nintendo+NintendoWare_Ui2d-0_12_16-Release
                   SDK MW+Nintendo+NEX_MM-4_0_7
                   SDK MW+Nintendo+NEX_DS-4_0_7
                   SDK MW+Nintendo+NEX_RK-4_0_7
00:00:01.318 |I| Loader Load: Loading subsdk0...
00:00:01.353 |I| Loader PrintRoSectionInfo: subsdk0:
    Module: nvn
    SDK Libraries: SDK MW+Nintendo+NintendoSDK_NVN-0_12_16-Release
00:00:01.353 |I| Loader Load: Loading subsdk1...
00:00:01.356 |I| Loader PrintRoSectionInfo: subsdk1:
    Module: nnDisplay
00:00:01.356 |I| Loader Load: Loading subsdk2...
00:00:01.359 |I| Loader PrintRoSectionInfo: subsdk2:
    Module: libz
00:00:01.359 |I| Loader Load: Loading subsdk3...
00:00:01.363 |I| Loader PrintRoSectionInfo: subsdk3:
    Module: libcurl
    SDK Libraries: SDK MW+Nintendo+NintendoSDK_libcurl-0_12_16-Release
00:00:01.363 |I| Loader Load: Loading subsdk4...
00:00:01.433 |I| Loader PrintRoSectionInfo: subsdk4:
    Module: multimedia
    SDK Libraries: SDK MW+Nintendo+NintendoSDK_movie-0_12_16-Release
00:00:01.433 |I| Loader Load: Loading sdk...
00:00:01.560 |I| Loader PrintRoSectionInfo: sdk:
    Module: nnSdk
    FS SDK Version: 0.17.16
    SDK Libraries: SDK MW+Nintendo+NintendoSdk_nnSdk-0_12_16-Release
00:00:01.746 |I| Ptc Initialize: Initializing Profiled Persistent Translation Cache (enabled: True).
00:00:02.663 |I| Ptc Load: Loaded Translation Cache (size: 40592595 bytes, translated functions: 56288).
00:00:02.733 |I| Ptc Load: Loaded Profiling Info (size: 170323 bytes, profiled functions: 56475).
00:00:02.744 |I| Loader LoadNsos: Loading image 0 at 0x0000000000700000...
00:00:02.746 |I| Loader LoadNsos: Loading image 1 at 0x0000000000706000...
00:00:02.759 |I| Loader LoadNsos: Loading image 2 at 0x0000000001a12000...
00:00:02.760 |I| Loader LoadNsos: Loading image 3 at 0x0000000001bab000...
00:00:02.760 |I| Loader LoadNsos: Loading image 4 at 0x0000000001bd3000...
00:00:02.760 |I| Loader LoadNsos: Loading image 5 at 0x0000000001be6000...
00:00:02.761 |I| Loader LoadNsos: Loading image 6 at 0x0000000001c23000...
00:00:02.764 |I| Loader LoadNsos: Loading image 7 at 0x000000000219c000...
00:00:02.769 |I| ModLoader LoadCheats: Build ids found for application 0100152000022000:
    74DAC2371A39AC4C9149B42CCE6590E1EDCB6970000000000000000000000000
    B5C39B5B7C62A88EC25FA897858C874E00000000000000000000000000000000
    5B109840874BB2C4AAF79D658314A918EEAFCB4A000000000000000000000000
    65FB977974677204ABF177847587AB2EE44E2CB1000000000000000000000000
    FC36857DA0C342FAB0755DA8D911584EF603BF80000000000000000000000000
    DF815B134BED7DAAFD826286D2E003CD60367B3D000000000000000000000000
    DB90EC869D595DD3BB6A55753A0B59CC0AAF8E2F000000000000000000000000
    66C55BF0D8B166F81AC71BFC179191FD5B8A9A33000000000000000000000000
00:00:02.778 |I| ModLoader ApplyRomFsMods: Applying RomFS mods for Application 0100152000022000
00:00:02.778 |I| ModLoader ApplyRomFsMods: No files found. Using base RomFS
00:00:02.780 |I| Application EnsureSaveData: Ensuring required savedata exists.
00:00:02.996 |I| Loader Start: Application Loaded: Mario Kart 8 Deluxe v1.0.0 [0100152000022000] [32-bit]
00:00:03.078 |I| GUI.WindowThread Hid Configure: Configured Controller ProController to Player1
00:00:03.078 |I| GUI.WindowThread Hid Configure: Configured Controller ProController to Player2
00:00:03.103 |I| GUI.WindowThread Hid SetupNpad: Connected Controller ProController to Player1
00:00:03.103 |I| GUI.WindowThread Hid SetupNpad: Connected Controller ProController to Player2
00:00:04.070 |N| GUI.RenderThread Gpu PrintGpuInformation: NVIDIA NVIDIA GeForce GTX 1650 SUPER (Vulkan v1.4.329, Driver v595.97.0.0)
00:00:04.082 |I| GPU.MainThread Gpu LoadShaders: Loading 4961 shaders from the cache...
00:00:25.130 |I| GPU.MainThread Gpu LoadShaders: Shader cache loaded.
00:00:26.672 |I| HLE.GuestThread.46 Ptc LoadTranslations: 56204 translated functions loaded
00:00:26.711 |I| HLE.GuestThread.46 Ptc MakeAndSaveTranslations: 0 of 271 functions translated | Thread count: 7
00:00:27.406 |I| HLE.GuestThread.46 Ptc MakeAndSaveTranslations: 271 of 271 functions translated | Thread count: 7 in 0.6931689 s
00:00:27.580 |S| HLE.OsThread.47 ServiceAm GetAppletResourceUserId: Stubbed. {appletResourceUserId: 1}
00:00:27.585 |S| HLE.OsThread.47 ServiceAm AcquireForegroundRights: Stubbed. 
00:00:27.586 |S| HLE.OsThread.47 ServiceAm SetFocusHandlingMode: Stubbed. {unknownFlag1: False ; unknownFlag2: False ; unknownFlag3: True}
00:00:29.075 |I| HLE.OsThread.47 SurfaceFlinger CreateLayerFromId: Creating layer 1
00:00:29.112 |S| HLE.OsThread.4 ServiceNv InitializeEx: Stubbed. 
00:00:29.163 |S| HLE.OsThread.4 ServiceNv GetActiveSlotMask: Stubbed. 
00:00:29.262 |S| HLE.OsThread.4 ServiceNv SetNvMapFd: Stubbed. 
00:00:29.263 |S| HLE.OsThread.4 ServiceNv AllocGpfifoEx2: Stubbed. 
00:00:29.263 |S| HLE.OsThread.4 ServiceNv AllocObjCtx: Stubbed. 
00:00:29.264 |S| HLE.OsThread.4 ServiceNv SetErrorNotifier: Stubbed. 
00:00:29.265 |S| HLE.OsThread.4 ServiceNv SetUserData: Stubbed. 
00:00:29.265 |S| HLE.OsThread.4 ServiceNv SetPriority: Stubbed. 
00:00:29.267 |S| HLE.OsThread.4 ServiceNv ZcullBind: Stubbed. 
00:00:29.322 |S| HLE.OsThread.3 ServiceHid ActivateTouchScreen: Stubbed. {appletResourceUserId: 1}
00:00:29.324 |S| HLE.OsThread.3 ServiceHid ActiveNpadImpl: Stubbed. {appletResourceUserId: 1 ; revision: 0}
00:00:29.330 |S| HLE.OsThread.3 ServiceHid SetSupportedNpadIdType: Stubbed. 9 Players: Player1,Player2,Player3,Player4,Player5,Player6,Player7,Player8,Handheld
00:00:29.331 |S| HLE.OsThread.3 ServiceHid SetSupportedNpadStyleSet: Stubbed. {pid: 127 ; appletResourceUserId: 1 ; type: ProController, Handheld, JoyconPair, JoyconLeft, JoyconRight}
00:00:29.332 |S| HLE.OsThread.3 ServiceHid SetSupportedNpadIdType: Stubbed. 5 Players: Player1,Player2,Player3,Player4,Handheld
00:00:29.527 |S| HLE.OsThread.47 ServiceAcc InitializeApplicationInfo: Stubbed. {TitleId: 72080821221203968}
00:00:29.532 |S| HLE.OsThread.3 ServiceHid SetNpadHandheldActivationMode: Stubbed. {appletResourceUserId: 1 ; _npadHandheldActivationMode: Dual}
00:00:31.112 |S| HLE.OsThread.47 ServiceAcc CheckAvailability: Stubbed. 
00:00:31.112 |S| HLE.OsThread.47 ServiceAcc GetNintendoAccountUserResourceCacheForApplication: Stubbed. {NetworkServiceAccountId: 51966}
00:00:31.113 |S| HLE.OsThread.47 ServiceAm LockExit: Stubbed. 
00:00:31.132 |S| HLE.OsThread.47 ServiceAm UnlockExit: Stubbed. 
00:00:31.146 |S| HLE.OsThread.47 ServiceAm SetFocusHandlingMode: Stubbed. {unknownFlag1: True ; unknownFlag2: False ; unknownFlag3: True}
00:00:31.146 |S| HLE.OsThread.47 ServiceAm SetOperationModeChangedNotification: Stubbed. {operationModeChangedNotification: True}
00:00:31.147 |S| HLE.OsThread.47 ServiceAm SetPerformanceModeChangedNotification: Stubbed. {performanceModeChangedNotification: True}
00:00:31.147 |S| HLE.OsThread.47 ServiceAm SetRestartMessageEnabled: Stubbed. {restartMessageEnabled: True}
00:00:33.788 |I| HLE.OsThread.11 AudioRenderer AcquireSessionId: Registered new renderer (0)
00:00:33.794 |I| HLE.OsThread.11 AudioRenderer Initialize: Initializing with REV1
00:00:35.306 |I| AudioProcessor.Worker AudioRenderer Work: Starting audio processor
00:00:35.306 |I| AudioRendererManager.Worker AudioRenderer SendCommands: Starting audio renderer
00:00:35.348 |I| HLE.OsThread.11 AudioRenderer Start: Starting renderer id 0
00:00:43.572 |I| Ptc Save: Saved Translation Cache (size: 40782919 bytes, translated functions: 56559).
00:00:44.210 |S| HLE.OsThread.3 ServiceHid StartSixAxisSensor: Stubbed. {appletResourceUserId: 1 ; sixAxisSensorHandle: 131075}
00:00:44.211 |S| HLE.OsThread.3 ServiceHid StartSixAxisSensor: Stubbed. {appletResourceUserId: 1 ; sixAxisSensorHandle: 131331}
00:00:44.214 |S| HLE.OsThread.47 ServiceAm LockExit: Stubbed. 
00:00:44.388 |S| HLE.OsThread.47 ServiceAm UnlockExit: Stubbed. 
00:00:44.434 |W| HLE.OsThread.4 ServiceNv Wait: GPU processing thread is too slow, waiting on CPU...
00:00:44.667 |I| HLE.OsThread.22 ServicePrepo ProcessPlayReport: 
PlayReport log:
 Kind: Normal
 Pid: 127
 ApplicationVersion: 0
 UserId: 00000000000000010000000000000000
 Room: user_data 
 Report: {
    "Version": "1.0.0",
    "StartupCount": 6,
    "GrandPrixTrophy": "000000000000000000000000000000000000000000000000000000000000",
    "TotalRaceNum": 2,
    "TotalBalloonBattleNum": 0,
    "TotalKeidoroBattleNum": 0,
    "TotalBombBattleNum": 0,
    "TotalCoinBattleNum": 0,
    "TotalShineBattleNum": 0,
    "TotalMileageMeter": 5666,
    "TotalRunTimeFrame": 12129,
    "TotalDrift": 35,
    "TotalMiniTurbo1": 21,
    "TotalMiniTurbo2": 11,
    "TotalMiniTurbo3": 0,
    "TotalJumpAction": 4,
    "TotalJugemRescue": 0,
    "TotalGyroTimeFrame": 0,
    "TotalAssistTimeFrame": 12129,
    "TotalAutoAccelTimeFrame": 0,
    "TotalShowMapTimeFrame": 12129,
    "TotalFlyTimeFrame": 1076,
    "TotalSwimTimeFrame": 0,
    "TotalCoin": 18,
    "TotalDisconnectCount": 0,
    "TotalWin": 0,
    "TotalLose": 0,
    "RaceRate": 1000,
    "BattleRate": 1000,
    "OpenGoldMario": 0,
    "OpenBodyFlags": {
        "TypeCode": 0,
        "Value": "0x0000004A0080C829"
    },
    "OpenTireFlags": {
        "TypeCode": 0,
        "Value": "0x000000000000C829"
    },
    "OpenWingFlags": {
        "TypeCode": 0,
        "Value": "0x0000000000000829"
    },
    "Win150ccStaffGhostFlags": {
        "TypeCode": 0,
        "Value": "0x0000000000000000"
    },
    "Win200ccStaffGhostFlags": {
        "TypeCode": 0,
        "Value": "0x0000000000000000"
    },
    "WatchEndingFlags": {
        "TypeCode": 0,
        "Value": "0x0000000000000000"
    },
    "OpenMiiSuitsFlags": {
        "TypeCode": 0,
        "Value": "0x0000000000000000"
    }
}

00:00:49.254 |W| HLE.OsThread.4 ServiceNv Wait: GPU processing thread is too slow, waiting on CPU...
00:00:55.565 |S| HLE.OsThread.47 ServiceAm SetFocusHandlingMode: Stubbed. {unknownFlag1: True ; unknownFlag2: False ; unknownFlag3: True}
00:00:56.560 |I| HLE.OsThread.22 ServicePrepo ProcessPlayReport: 
PlayReport log:
 Kind: Normal
 Pid: 127
 ApplicationVersion: 0
 UserId: 00000000000000010000000000000000
 Room: ui 
 Report: {
    "SequenceTime": 20260505214817,
    "SequenceNumber": 1,
    "To": "Single",
    "From": "TitleSelect"
}

00:00:56.603 |S| HLE.OsThread.4 ServiceNv SetNvMapFd: Stubbed. 
00:00:56.608 |S| HLE.OsThread.19 ServiceMm InitializeOld: Stubbed. {module: NvDec ; fgmPriority: 8 ; isAutoClearEvent: False}
00:00:56.611 |S| HLE.OsThread.19 ServiceMm SetAndWaitOld: Stubbed. {module: NvDec ; clockRateMin: 12000000 ; clockRateMax: -1}
00:00:56.613 |S| HLE.OsThread.19 ServiceMm GetOld: Stubbed. {module: NvDec}
00:00:56.620 |S| HLE.OsThread.19 ServiceMm SetAndWaitOld: Stubbed. {module: NvDec ; clockRateMin: 0 ; clockRateMax: -1}
00:00:56.621 |S| HLE.OsThread.19 ServiceMm FinalizeOld: Stubbed. {module: NvDec}
00:00:56.749 |S| HLE.OsThread.4 ServiceNv SetNvMapFd: Stubbed. 
00:00:56.752 |S| HLE.OsThread.19 ServiceMm InitializeOld: Stubbed. {module: NvDec ; fgmPriority: 8 ; isAutoClearEvent: False}
00:00:56.753 |S| HLE.OsThread.19 ServiceMm SetAndWaitOld: Stubbed. {module: NvDec ; clockRateMin: 12000000 ; clockRateMax: -1}
00:00:56.753 |S| HLE.OsThread.19 ServiceMm GetOld: Stubbed. {module: NvDec}
00:00:56.757 |S| HLE.OsThread.19 ServiceMm SetAndWaitOld: Stubbed. {module: NvDec ; clockRateMin: 4294966296 ; clockRateMax: -1}
00:00:56.760 |S| HLE.OsThread.19 ServiceMm GetOld: Stubbed. {module: NvDec}
00:00:56.761 |S| HLE.OsThread.19 ServiceMm SetAndWaitOld: Stubbed. {module: NvDec ; clockRateMin: 4294966296 ; clockRateMax: -1}
00:00:56.770 |S| HLE.OsThread.19 ServiceMm GetOld: Stubbed. {module: NvDec}
00:00:56.771 |S| HLE.OsThread.19 ServiceMm SetAndWaitOld: Stubbed. {module: NvDec ; clockRateMin: 4294966296 ; clockRateMax: -1}
00:00:56.771 |S| HLE.OsThread.19 ServiceMm GetOld: Stubbed. {module: NvDec}
00:00:56.773 |S| HLE.OsThread.19 ServiceMm SetAndWaitOld: Stubbed. {module: NvDec ; clockRateMin: 4294966296 ; clockRateMax: -1}
00:00:56.773 |S| HLE.OsThread.19 ServiceMm GetOld: Stubbed. {module: NvDec}
00:00:56.777 |S| HLE.OsThread.19 ServiceMm SetAndWaitOld: Stubbed. {module: NvDec ; clockRateMin: 4294966296 ; clockRateMax: -1}
00:00:56.778 |S| HLE.OsThread.19 ServiceMm GetOld: Stubbed. {module: NvDec}
00:00:56.778 |S| HLE.OsThread.19 ServiceMm SetAndWaitOld: Stubbed. {module: NvDec ; clockRateMin: 4294966296 ; clockRateMax: -1}
00:00:56.778 |S| HLE.OsThread.19 ServiceMm GetOld: Stubbed. {module: NvDec}
00:00:56.780 |S| HLE.OsThread.19 ServiceMm SetAndWaitOld: Stubbed. {module: NvDec ; clockRateMin: 4294966296 ; clockRateMax: -1}
00:00:56.780 |S| HLE.OsThread.19 ServiceMm GetOld: Stubbed. {module: NvDec}
00:00:56.781 |S| HLE.OsThread.19 ServiceMm SetAndWaitOld: Stubbed. {module: NvDec ; clockRateMin: 4294966296 ; clockRateMax: -1}
00:00:56.782 |S| HLE.OsThread.19 ServiceMm GetOld: Stubbed. {module: NvDec}
00:00:56.782 |S| HLE.OsThread.19 ServiceMm SetAndWaitOld: Stubbed. {module: NvDec ; clockRateMin: 4294966296 ; clockRateMax: -1}
00:00:56.782 |S| HLE.OsThread.19 ServiceMm GetOld: Stubbed. {module: NvDec}
00:00:56.784 |S| HLE.OsThread.19 ServiceMm SetAndWaitOld: Stubbed. {module: NvDec ; clockRateMin: 4294966296 ; clockRateMax: -1}
00:00:56.785 |S| HLE.OsThread.19 ServiceMm GetOld: Stubbed. {module: NvDec}
00:00:56.785 |S| HLE.OsThread.19 ServiceMm SetAndWaitOld: Stubbed. {module: NvDec ; clockRateMin: 4294966296 ; clockRateMax: -1}
00:00:56.785 |S| HLE.OsThread.19 ServiceMm GetOld: Stubbed. {module: NvDec}
00:00:56.786 |S| HLE.OsThread.19 ServiceMm SetAndWaitOld: Stubbed. {module: NvDec ; clockRateMin: 4294966296 ; clockRateMax: -1}
00:00:56.786 |S| HLE.OsThread.19 ServiceMm GetOld: Stubbed. {module: NvDec}
00:00:56.786 |S| HLE.OsThread.19 ServiceMm SetAndWaitOld: Stubbed. {module: NvDec ; clockRateMin: 4294966296 ; clockRateMax: -1}
00:00:56.786 |S| HLE.OsThread.19 ServiceMm GetOld: Stubbed. {module: NvDec}
00:00:56.788 |S| HLE.OsThread.19 ServiceMm SetAndWaitOld: Stubbed. {module: NvDec ; clockRateMin: 4294966296 ; clockRateMax: -1}
00:00:56.788 |S| HLE.OsThread.19 ServiceMm GetOld: Stubbed. {module: NvDec}
00:00:56.788 |S| HLE.OsThread.19 ServiceMm SetAndWaitOld: Stubbed. {module: NvDec ; clockRateMin: 4294966296 ; clockRateMax: -1}
00:00:56.788 |S| HLE.OsThread.19 ServiceMm GetOld: Stubbed. {module: NvDec}
00:00:56.789 |S| HLE.OsThread.19 ServiceMm SetAndWaitOld: Stubbed. {module: NvDec ; clockRateMin: 4294966296 ; clockRateMax: -1}
00:00:56.789 |S| HLE.OsThread.19 ServiceMm GetOld: Stubbed. {module: NvDec}
00:00:56.789 |S| HLE.OsThread.19 ServiceMm SetAndWaitOld: Stubbed. {module: NvDec ; clockRateMin: 4294966296 ; clockRateMax: -1}
00:00:56.789 |S| HLE.OsThread.19 ServiceMm GetOld: Stubbed. {module: NvDec}
00:00:56.790 |S| HLE.OsThread.19 ServiceMm SetAndWaitOld: Stubbed. {module: NvDec ; clockRateMin: 4294966296 ; clockRateMax: -1}
00:00:56.791 |S| HLE.OsThread.19 ServiceMm GetOld: Stubbed. {module: NvDec}
00:00:56.791 |S| HLE.OsThread.19 ServiceMm SetAndWaitOld: Stubbed. {module: NvDec ; clockRateMin: 4294966296 ; clockRateMax: -1}
00:00:56.791 |S| HLE.OsThread.19 ServiceMm GetOld: Stubbed. {module: NvDec}
00:00:56.791 |S| HLE.OsThread.19 ServiceMm SetAndWaitOld: Stubbed. {module: NvDec ; clockRateMin: 4294966296 ; clockRateMax: -1}
00:00:56.791 |S| HLE.OsThread.19 ServiceMm GetOld: Stubbed. {module: NvDec}
00:00:56.791 |S| HLE.OsThread.19 ServiceMm SetAndWaitOld: Stubbed. {module: NvDec ; clockRateMin: 4294966296 ; clockRateMax: -1}
00:00:56.791 |S| HLE.OsThread.19 ServiceMm GetOld: Stubbed. {module: NvDec}
00:00:56.791 |S| HLE.OsThread.19 ServiceMm SetAndWaitOld: Stubbed. {module: NvDec ; clockRateMin: 4294966296 ; clockRateMax: -1}
00:00:56.791 |S| HLE.OsThread.19 ServiceMm GetOld: Stubbed. {module: NvDec}
00:00:56.791 |S| HLE.OsThread.19 ServiceMm SetAndWaitOld: Stubbed. {module: NvDec ; clockRateMin: 4294966296 ; clockRateMax: -1}
00:00:56.791 |S| HLE.OsThread.19 ServiceMm GetOld: Stubbed. {module: NvDec}
00:00:56.791 |S| HLE.OsThread.19 ServiceMm SetAndWaitOld: Stubbed. {module: NvDec ; clockRateMin: 4294966296 ; clockRateMax: -1}
00:00:56.791 |S| HLE.OsThread.19 ServiceMm GetOld: Stubbed. {module: NvDec}
00:00:56.791 |S| HLE.OsThread.19 ServiceMm SetAndWaitOld: Stubbed. {module: NvDec ; clockRateMin: 4294966296 ; clockRateMax: -1}
00:00:56.791 |S| HLE.OsThread.19 ServiceMm GetOld: Stubbed. {module: NvDec}
00:00:56.791 |S| HLE.OsThread.19 ServiceMm SetAndWaitOld: Stubbed. {module: NvDec ; clockRateMin: 4294966296 ; clockRateMax: -1}
00:00:56.792 |S| HLE.OsThread.19 ServiceMm GetOld: Stubbed. {module: NvDec}
00:00:56.792 |S| HLE.OsThread.19 ServiceMm SetAndWaitOld: Stubbed. {module: NvDec ; clockRateMin: 4294966296 ; clockRateMax: -1}
00:00:56.792 |S| HLE.OsThread.19 ServiceMm GetOld: Stubbed. {module: NvDec}
00:00:56.792 |S| HLE.OsThread.19 ServiceMm SetAndWaitOld: Stubbed. {module: NvDec ; clockRateMin: 4294966296 ; clockRateMax: -1}
00:00:56.792 |S| HLE.OsThread.19 ServiceMm GetOld: Stubbed. {module: NvDec}
00:00:56.792 |S| HLE.OsThread.19 ServiceMm SetAndWaitOld: Stubbed. {module: NvDec ; clockRateMin: 4294966296 ; clockRateMax: -1}
00:00:56.792 |S| HLE.OsThread.19 ServiceMm GetOld: Stubbed. {module: NvDec}
00:00:56.818 |S| HLE.OsThread.4 ServiceNv SetNvMapFd: Stubbed. 
00:00:56.821 |S| HLE.OsThread.4 ServiceNv GetWaitBase: Stubbed. 
00:00:56.838 |S| HLE.OsThread.4 ServiceNv SetNvMapFd: Stubbed. 
00:00:56.838 |S| HLE.OsThread.4 ServiceNv GetWaitBase: Stubbed. 
00:00:56.861 |S| HLE.OsThread.19 ServiceMm SetAndWaitOld: Stubbed. {module: NvDec ; clockRateMin: 4294966296 ; clockRateMax: -1}
00:00:56.861 |S| HLE.OsThread.19 ServiceMm GetOld: Stubbed. {module: NvDec}
00:00:56.863 |S| HLE.OsThread.19 ServiceMm SetAndWaitOld: Stubbed. {module: NvDec ; clockRateMin: 4294966296 ; clockRateMax: -1}
00:00:56.864 |S| HLE.OsThread.19 ServiceMm GetOld: Stubbed. {module: NvDec}
00:00:56.864 |S| HLE.OsThread.19 ServiceMm SetAndWaitOld: Stubbed. {module: NvDec ; clockRateMin: 4294966296 ; clockRateMax: -1}
00:00:56.864 |S| HLE.OsThread.19 ServiceMm GetOld: Stubbed. {module: NvDec}
00:00:56.865 |S| HLE.OsThread.19 ServiceMm SetAndWaitOld: Stubbed. {module: NvDec ; clockRateMin: 4294966296 ; clockRateMax: -1}
00:00:56.865 |S| HLE.OsThread.19 ServiceMm GetOld: Stubbed. {module: NvDec}
00:00:56.865 |S| HLE.OsThread.19 ServiceMm SetAndWaitOld: Stubbed. {module: NvDec ; clockRateMin: 4294966296 ; clockRateMax: -1}
00:00:56.865 |S| HLE.OsThread.19 ServiceMm GetOld: Stubbed. {module: NvDec}
00:00:56.865 |S| HLE.OsThread.19 ServiceMm SetAndWaitOld: Stubbed. {module: NvDec ; clockRateMin: 4294966296 ; clockRateMax: -1}
00:00:56.865 |S| HLE.OsThread.19 ServiceMm GetOld: Stubbed. {module: NvDec}
00:00:56.865 |S| HLE.OsThread.19 ServiceMm SetAndWaitOld: Stubbed. {module: NvDec ; clockRateMin: 4294966296 ; clockRateMax: -1}
00:00:56.866 |S| HLE.OsThread.19 ServiceMm GetOld: Stubbed. {module: NvDec}
00:00:56.866 |S| HLE.OsThread.19 ServiceMm SetAndWaitOld: Stubbed. {module: NvDec ; clockRateMin: 4294966296 ; clockRateMax: -1}
00:00:56.867 |S| HLE.OsThread.19 ServiceMm GetOld: Stubbed. {module: NvDec}
00:00:56.867 |S| HLE.OsThread.19 ServiceMm SetAndWaitOld: Stubbed. {module: NvDec ; clockRateMin: 4294966296 ; clockRateMax: -1}
00:00:56.867 |S| HLE.OsThread.19 ServiceMm GetOld: Stubbed. {module: NvDec}
00:00:56.870 |S| HLE.OsThread.19 ServiceMm SetAndWaitOld: Stubbed. {module: NvDec ; clockRateMin: 4294966296 ; clockRateMax: -1}
00:00:56.870 |S| HLE.OsThread.19 ServiceMm GetOld: Stubbed. {module: NvDec}
00:00:56.870 |S| HLE.OsThread.19 ServiceMm SetAndWaitOld: Stubbed. {module: NvDec ; clockRateMin: 4294966296 ; clockRateMax: -1}
00:00:56.871 |S| HLE.OsThread.19 ServiceMm GetOld: Stubbed. {module: NvDec}
00:00:56.871 |S| HLE.OsThread.19 ServiceMm SetAndWaitOld: Stubbed. {module: NvDec ; clockRateMin: 4294966296 ; clockRateMax: -1}
00:00:56.872 |S| HLE.OsThread.19 ServiceMm GetOld: Stubbed. {module: NvDec}
00:00:56.872 |S| HLE.OsThread.19 ServiceMm SetAndWaitOld: Stubbed. {module: NvDec ; clockRateMin: 4294966296 ; clockRateMax: -1}
00:00:56.872 |S| HLE.OsThread.19 ServiceMm GetOld: Stubbed. {module: NvDec}
00:00:56.872 |S| HLE.OsThread.19 ServiceMm SetAndWaitOld: Stubbed. {module: NvDec ; clockRateMin: 4294966296 ; clockRateMax: -1}
00:00:56.872 |S| HLE.OsThread.19 ServiceMm GetOld: Stubbed. {module: NvDec}
00:00:56.872 |S| HLE.OsThread.19 ServiceMm SetAndWaitOld: Stubbed. {module: NvDec ; clockRateMin: 4294966296 ; clockRateMax: -1}
00:00:56.873 |S| HLE.OsThread.19 ServiceMm GetOld: Stubbed. {module: NvDec}
00:00:56.873 |S| HLE.OsThread.19 ServiceMm SetAndWaitOld: Stubbed. {module: NvDec ; clockRateMin: 4294966296 ; clockRateMax: -1}
00:00:56.873 |S| HLE.OsThread.19 ServiceMm GetOld: Stubbed. {module: NvDec}
00:00:56.873 |S| HLE.OsThread.19 ServiceMm SetAndWaitOld: Stubbed. {module: NvDec ; clockRateMin: 4294966296 ; clockRateMax: -1}
00:00:56.873 |S| HLE.OsThread.19 ServiceMm GetOld: Stubbed. {module: NvDec}
00:00:56.873 |S| HLE.OsThread.19 ServiceMm SetAndWaitOld: Stubbed. {module: NvDec ; clockRateMin: 4294966296 ; clockRateMax: -1}
00:00:56.873 |S| HLE.OsThread.19 ServiceMm GetOld: Stubbed. {module: NvDec}
00:00:56.873 |S| HLE.OsThread.19 ServiceMm SetAndWaitOld: Stubbed. {module: NvDec ; clockRateMin: 4294966296 ; clockRateMax: -1}
00:00:56.873 |S| HLE.OsThread.19 ServiceMm GetOld: Stubbed. {module: NvDec}
00:00:56.873 |S| HLE.OsThread.19 ServiceMm SetAndWaitOld: Stubbed. {module: NvDec ; clockRateMin: 4294966296 ; clockRateMax: -1}
00:00:56.873 |S| HLE.OsThread.19 ServiceMm GetOld: Stubbed. {module: NvDec}
00:00:56.873 |S| HLE.OsThread.19 ServiceMm SetAndWaitOld: Stubbed. {module: NvDec ; clockRateMin: 4294966296 ; clockRateMax: -1}
00:00:56.874 |S| HLE.OsThread.19 ServiceMm GetOld: Stubbed. {module: NvDec}
00:00:56.874 |S| HLE.OsThread.19 ServiceMm SetAndWaitOld: Stubbed. {module: NvDec ; clockRateMin: 4294966296 ; clockRateMax: -1}
00:00:56.874 |S| HLE.OsThread.19 ServiceMm GetOld: Stubbed. {module: NvDec}
00:00:56.874 |S| HLE.OsThread.19 ServiceMm SetAndWaitOld: Stubbed. {module: NvDec ; clockRateMin: 4294966296 ; clockRateMax: -1}
00:00:56.874 |S| HLE.OsThread.19 ServiceMm GetOld: Stubbed. {module: NvDec}
00:00:57.192 |S| HLE.OsThread.19 ServiceMm SetAndWaitOld: Stubbed. {module: NvDec ; clockRateMin: 4294966296 ; clockRateMax: -1}
00:00:57.192 |S| HLE.OsThread.19 ServiceMm GetOld: Stubbed. {module: NvDec}
00:00:57.195 |S| HLE.OsThread.19 ServiceMm SetAndWaitOld: Stubbed. {module: NvDec ; clockRateMin: 4294966296 ; clockRateMax: -1}
00:00:57.195 |S| HLE.OsThread.19 ServiceMm GetOld: Stubbed. {module: NvDec}
00:00:57.195 |S| HLE.OsThread.19 ServiceMm SetAndWaitOld: Stubbed. {module: NvDec ; clockRateMin: 4294966296 ; clockRateMax: -1}
00:00:57.195 |S| HLE.OsThread.19 ServiceMm GetOld: Stubbed. {module: NvDec}
00:00:57.196 |S| HLE.OsThread.19 ServiceMm SetAndWaitOld: Stubbed. {module: NvDec ; clockRateMin: 4294966296 ; clockRateMax: -1}
00:00:57.196 |S| HLE.OsThread.19 ServiceMm GetOld: Stubbed. {module: NvDec}
00:00:57.201 |S| HLE.OsThread.19 ServiceMm SetAndWaitOld: Stubbed. {module: NvDec ; clockRateMin: 4294966296 ; clockRateMax: -1}
00:00:57.201 |S| HLE.OsThread.19 ServiceMm GetOld: Stubbed. {module: NvDec}
00:00:57.203 |S| HLE.OsThread.19 ServiceMm SetAndWaitOld: Stubbed. {module: NvDec ; clockRateMin: 4294966296 ; clockRateMax: -1}
00:00:57.203 |S| HLE.OsThread.19 ServiceMm GetOld: Stubbed. {module: NvDec}
00:00:57.203 |S| HLE.OsThread.19 ServiceMm SetAndWaitOld: Stubbed. {module: NvDec ; clockRateMin: 4294966296 ; clockRateMax: -1}
00:00:57.204 |S| HLE.OsThread.19 ServiceMm GetOld: Stubbed. {module: NvDec}
00:00:57.204 |S| HLE.OsThread.19 ServiceMm SetAndWaitOld: Stubbed. {module: NvDec ; clockRateMin: 4294966296 ; clockRateMax: -1}
00:00:57.204 |S| HLE.OsThread.19 ServiceMm GetOld: Stubbed. {module: NvDec}
00:00:57.204 |S| HLE.OsThread.19 ServiceMm SetAndWaitOld: Stubbed. {module: NvDec ; clockRateMin: 4294966296 ; clockRateMax: -1}
00:00:57.204 |S| HLE.OsThread.19 ServiceMm GetOld: Stubbed. {module: NvDec}
00:00:57.204 |S| HLE.OsThread.19 ServiceMm SetAndWaitOld: Stubbed. {module: NvDec ; clockRateMin: 4294966296 ; clockRateMax: -1}
00:00:57.204 |S| HLE.OsThread.19 ServiceMm GetOld: Stubbed. {module: NvDec}
00:00:57.204 |S| HLE.OsThread.19 ServiceMm SetAndWaitOld: Stubbed. {module: NvDec ; clockRateMin: 4294966296 ; clockRateMax: -1}
00:00:57.204 |S| HLE.OsThread.19 ServiceMm GetOld: Stubbed. {module: NvDec}
00:00:57.204 |S| HLE.OsThread.19 ServiceMm SetAndWaitOld: Stubbed. {module: NvDec ; clockRateMin: 4294966296 ; clockRateMax: -1}
00:00:57.204 |S| HLE.OsThread.19 ServiceMm GetOld: Stubbed. {module: NvDec}
00:00:57.204 |S| HLE.OsThread.19 ServiceMm SetAndWaitOld: Stubbed. {module: NvDec ; clockRateMin: 4294966296 ; clockRateMax: -1}
00:00:57.204 |S| HLE.OsThread.19 ServiceMm GetOld: Stubbed. {module: NvDec}
00:00:57.205 |S| HLE.OsThread.19 ServiceMm SetAndWaitOld: Stubbed. {module: NvDec ; clockRateMin: 4294966296 ; clockRateMax: -1}
00:00:57.205 |S| HLE.OsThread.19 ServiceMm GetOld: Stubbed. {module: NvDec}
00:00:57.205 |S| HLE.OsThread.19 ServiceMm SetAndWaitOld: Stubbed. {module: NvDec ; clockRateMin: 4294966296 ; clockRateMax: -1}
00:00:57.206 |S| HLE.OsThread.19 ServiceMm GetOld: Stubbed. {module: NvDec}
00:00:57.206 |S| HLE.OsThread.19 ServiceMm SetAndWaitOld: Stubbed. {module: NvDec ; clockRateMin: 4294966296 ; clockRateMax: -1}
00:00:57.206 |S| HLE.OsThread.19 ServiceMm GetOld: Stubbed. {module: NvDec}
00:00:57.206 |S| HLE.OsThread.19 ServiceMm SetAndWaitOld: Stubbed. {module: NvDec ; clockRateMin: 4294966296 ; clockRateMax: -1}
00:00:57.206 |S| HLE.OsThread.19 ServiceMm GetOld: Stubbed. {module: NvDec}
00:00:57.224 |S| HLE.OsThread.4 ServiceNv SetNvMapFd: Stubbed. 
00:00:57.225 |S| HLE.OsThread.19 ServiceMm SetAndWaitOld: Stubbed. {module: NvDec ; clockRateMin: 4294966296 ; clockRateMax: -1}
00:00:57.225 |S| HLE.OsThread.19 ServiceMm GetOld: Stubbed. {module: NvDec}
00:00:57.227 |S| HLE.OsThread.4 ServiceNv GetWaitBase: Stubbed. 
00:00:57.228 |S| HLE.OsThread.19 ServiceMm SetAndWaitOld: Stubbed. {module: NvDec ; clockRateMin: 4294966296 ; clockRateMax: -1}
00:00:57.228 |S| HLE.OsThread.19 ServiceMm GetOld: Stubbed. {module: NvDec}
00:00:57.231 |S| HLE.OsThread.19 ServiceMm SetAndWaitOld: Stubbed. {module: NvDec ; clockRateMin: 4294966296 ; clockRateMax: -1}
00:00:57.231 |S| HLE.OsThread.19 ServiceMm GetOld: Stubbed. {module: NvDec}
00:00:57.232 |S| HLE.OsThread.19 ServiceMm SetAndWaitOld: Stubbed. {module: NvDec ; clockRateMin: 4294966296 ; clockRateMax: -1}
00:00:57.233 |S| HLE.OsThread.19 ServiceMm GetOld: Stubbed. {module: NvDec}
00:00:57.233 |S| HLE.OsThread.19 ServiceMm SetAndWaitOld: Stubbed. {module: NvDec ; clockRateMin: 4294966296 ; clockRateMax: -1}
00:00:57.235 |S| HLE.OsThread.19 ServiceMm GetOld: Stubbed. {module: NvDec}
00:00:57.235 |S| HLE.OsThread.19 ServiceMm SetAndWaitOld: Stubbed. {module: NvDec ; clockRateMin: 4294966296 ; clockRateMax: -1}
00:00:57.236 |S| HLE.OsThread.19 ServiceMm GetOld: Stubbed. {module: NvDec}
00:00:57.237 |S| HLE.OsThread.19 ServiceMm SetAndWaitOld: Stubbed. {module: NvDec ; clockRateMin: 4294966296 ; clockRateMax: -1}
00:00:57.237 |S| HLE.OsThread.19 ServiceMm GetOld: Stubbed. {module: NvDec}
00:00:57.237 |S| HLE.OsThread.19 ServiceMm SetAndWaitOld: Stubbed. {module: NvDec ; clockRateMin: 4294966296 ; clockRateMax: -1}
00:00:57.237 |S| HLE.OsThread.19 ServiceMm GetOld: Stubbed. {module: NvDec}
00:00:57.237 |S| HLE.OsThread.19 ServiceMm SetAndWaitOld: Stubbed. {module: NvDec ; clockRateMin: 4294966296 ; clockRateMax: -1}
00:00:57.237 |S| HLE.OsThread.19 ServiceMm GetOld: Stubbed. {module: NvDec}
00:00:57.237 |S| HLE.OsThread.19 ServiceMm SetAndWaitOld: Stubbed. {module: NvDec ; clockRateMin: 4294966296 ; clockRateMax: -1}
00:00:57.237 |S| HLE.OsThread.19 ServiceMm GetOld: Stubbed. {module: NvDec}
00:00:57.237 |S| HLE.OsThread.19 ServiceMm SetAndWaitOld: Stubbed. {module: NvDec ; clockRateMin: 4294966296 ; clockRateMax: -1}
00:00:57.237 |S| HLE.OsThread.19 ServiceMm GetOld: Stubbed. {module: NvDec}
00:00:57.237 |S| HLE.OsThread.19 ServiceMm SetAndWaitOld: Stubbed. {module: NvDec ; clockRateMin: 4294966296 ; clockRateMax: -1}
00:00:57.237 |S| HLE.OsThread.19 ServiceMm GetOld: Stubbed. {module: NvDec}
00:00:57.237 |S| HLE.OsThread.19 ServiceMm SetAndWaitOld: Stubbed. {module: NvDec ; clockRateMin: 4294966296 ; clockRateMax: -1}
00:00:57.237 |S| HLE.OsThread.19 ServiceMm GetOld: Stubbed. {module: NvDec}
00:00:57.237 |S| HLE.OsThread.19 ServiceMm SetAndWaitOld: Stubbed. {module: NvDec ; clockRateMin: 4294966296 ; clockRateMax: -1}
00:00:57.237 |S| HLE.OsThread.19 ServiceMm GetOld: Stubbed. {module: NvDec}
00:00:57.272 |S| HLE.OsThread.19 ServiceMm SetAndWaitOld: Stubbed. {module: NvDec ; clockRateMin: 4294966000 ; clockRateMax: -1}
00:00:57.272 |S| HLE.OsThread.19 ServiceMm GetOld: Stubbed. {module: NvDec}
00:00:57.278 |S| HLE.OsThread.19 ServiceMm SetAndWaitOld: Stubbed. {module: NvDec ; clockRateMin: 3875766000 ; clockRateMax: -1}
00:00:57.278 |S| HLE.OsThread.19 ServiceMm GetOld: Stubbed. {module: NvDec}
00:00:57.281 |S| HLE.OsThread.19 ServiceMm SetAndWaitOld: Stubbed. {module: NvDec ; clockRateMin: 3497366000 ; clockRateMax: -1}
00:00:57.282 |S| HLE.OsThread.19 ServiceMm GetOld: Stubbed. {module: NvDec}
00:00:57.836 |S| HLE.OsThread.19 ServiceMm SetAndWaitOld: Stubbed. {module: NvDec ; clockRateMin: 3156166000 ; clockRateMax: -1}
00:00:57.837 |S| HLE.OsThread.19 ServiceMm GetOld: Stubbed. {module: NvDec}
00:00:57.897 |S| HLE.OsThread.19 ServiceMm SetAndWaitOld: Stubbed. {module: NvDec ; clockRateMin: 2848166000 ; clockRateMax: -1}
00:00:57.897 |S| HLE.OsThread.19 ServiceMm GetOld: Stubbed. {module: NvDec}
00:00:57.905 |S| HLE.OsThread.19 ServiceMm SetAndWaitOld: Stubbed. {module: NvDec ; clockRateMin: 2570166000 ; clockRateMax: -1}
00:00:57.905 |S| HLE.OsThread.19 ServiceMm GetOld: Stubbed. {module: NvDec}
00:00:57.912 |S| HLE.OsThread.19 ServiceMm SetAndWaitOld: Stubbed. {module: NvDec ; clockRateMin: 2319366000 ; clockRateMax: -1}
00:00:57.913 |S| HLE.OsThread.19 ServiceMm GetOld: Stubbed. {module: NvDec}
00:00:57.930 |S| HLE.OsThread.19 ServiceMm SetAndWaitOld: Stubbed. {module: NvDec ; clockRateMin: 2092966000 ; clockRateMax: -1}
00:00:57.930 |S| HLE.OsThread.19 ServiceMm GetOld: Stubbed. {module: NvDec}
00:00:57.940 |S| HLE.OsThread.19 ServiceMm SetAndWaitOld: Stubbed. {module: NvDec ; clockRateMin: 1888966000 ; clockRateMax: -1}
00:00:57.940 |S| HLE.OsThread.19 ServiceMm GetOld: Stubbed. {module: NvDec}
00:00:57.943 |S| HLE.OsThread.19 ServiceMm SetAndWaitOld: Stubbed. {module: NvDec ; clockRateMin: 1704566000 ; clockRateMax: -1}
00:00:57.944 |S| HLE.OsThread.19 ServiceMm GetOld: Stubbed. {module: NvDec}
00:00:57.953 |S| HLE.OsThread.19 ServiceMm SetAndWaitOld: Stubbed. {module: NvDec ; clockRateMin: 1538166000 ; clockRateMax: -1}
00:00:57.953 |S| HLE.OsThread.19 ServiceMm GetOld: Stubbed. {module: NvDec}
00:00:57.971 |S| HLE.OsThread.19 ServiceMm SetAndWaitOld: Stubbed. {module: NvDec ; clockRateMin: 1388166000 ; clockRateMax: -1}
00:00:57.971 |S| HLE.OsThread.19 ServiceMm GetOld: Stubbed. {module: NvDec}
00:00:57.972 |S| HLE.OsThread.19 ServiceMm SetAndWaitOld: Stubbed. {module: NvDec ; clockRateMin: 1252966000 ; clockRateMax: -1}
00:00:57.972 |S| HLE.OsThread.19 ServiceMm GetOld: Stubbed. {module: NvDec}
00:00:57.986 |S| HLE.OsThread.19 ServiceMm SetAndWaitOld: Stubbed. {module: NvDec ; clockRateMin: 1130966000 ; clockRateMax: -1}
00:00:57.986 |S| HLE.OsThread.19 ServiceMm GetOld: Stubbed. {module: NvDec}
00:00:58.020 |S| HLE.OsThread.19 ServiceMm SetAndWaitOld: Stubbed. {module: NvDec ; clockRateMin: 1020566000 ; clockRateMax: -1}
00:00:58.020 |S| HLE.OsThread.19 ServiceMm GetOld: Stubbed. {module: NvDec}
00:00:58.021 |S| HLE.OsThread.19 ServiceMm SetAndWaitOld: Stubbed. {module: NvDec ; clockRateMin: 920966000 ; clockRateMax: -1}
00:00:58.021 |S| HLE.OsThread.19 ServiceMm GetOld: Stubbed. {module: NvDec}
00:00:58.036 |S| HLE.OsThread.19 ServiceMm SetAndWaitOld: Stubbed. {module: NvDec ; clockRateMin: 831366000 ; clockRateMax: -1}
00:00:58.036 |S| HLE.OsThread.19 ServiceMm GetOld: Stubbed. {module: NvDec}
00:00:58.069 |S| HLE.OsThread.19 ServiceMm SetAndWaitOld: Stubbed. {module: NvDec ; clockRateMin: 750566000 ; clockRateMax: -1}
00:00:58.069 |S| HLE.OsThread.19 ServiceMm GetOld: Stubbed. {module: NvDec}
00:00:58.086 |S| HLE.OsThread.19 ServiceMm SetAndWaitOld: Stubbed. {module: NvDec ; clockRateMin: 677366000 ; clockRateMax: -1}
00:00:58.086 |S| HLE.OsThread.19 ServiceMm GetOld: Stubbed. {module: NvDec}
00:00:58.087 |S| HLE.OsThread.19 ServiceMm SetAndWaitOld: Stubbed. {module: NvDec ; clockRateMin: 611366000 ; clockRateMax: -1}
00:00:58.087 |S| HLE.OsThread.19 ServiceMm GetOld: Stubbed. {module: NvDec}
00:00:58.120 |S| HLE.OsThread.19 ServiceMm SetAndWaitOld: Stubbed. {module: NvDec ; clockRateMin: 551766000 ; clockRateMax: -1}
00:00:58.120 |S| HLE.OsThread.19 ServiceMm GetOld: Stubbed. {module: NvDec}
00:00:58.138 |S| HLE.OsThread.19 ServiceMm SetAndWaitOld: Stubbed. {module: NvDec ; clockRateMin: 498166000 ; clockRateMax: -1}
00:00:58.138 |S| HLE.OsThread.19 ServiceMm GetOld: Stubbed. {module: NvDec}
00:00:58.139 |S| HLE.OsThread.19 ServiceMm SetAndWaitOld: Stubbed. {module: NvDec ; clockRateMin: 449766000 ; clockRateMax: -1}
00:00:58.139 |S| HLE.OsThread.19 ServiceMm GetOld: Stubbed. {module: NvDec}
00:00:58.160 |S| HLE.OsThread.19 ServiceMm SetAndWaitOld: Stubbed. {module: NvDec ; clockRateMin: 406166000 ; clockRateMax: -1}
00:00:58.161 |S| HLE.OsThread.19 ServiceMm GetOld: Stubbed. {module: NvDec}
00:00:58.187 |S| HLE.OsThread.19 ServiceMm SetAndWaitOld: Stubbed. {module: NvDec ; clockRateMin: 366566000 ; clockRateMax: -1}
00:00:58.187 |S| HLE.OsThread.19 ServiceMm GetOld: Stubbed. {module: NvDec}
00:00:58.187 |S| HLE.OsThread.19 ServiceMm SetAndWaitOld: Stubbed. {module: NvDec ; clockRateMin: 330966000 ; clockRateMax: -1}
00:00:58.187 |S| HLE.OsThread.19 ServiceMm GetOld: Stubbed. {module: NvDec}
00:00:58.203 |S| HLE.OsThread.19 ServiceMm SetAndWaitOld: Stubbed. {module: NvDec ; clockRateMin: 298966000 ; clockRateMax: -1}
00:00:58.203 |S| HLE.OsThread.19 ServiceMm GetOld: Stubbed. {module: NvDec}
00:00:58.241 |S| HLE.OsThread.19 ServiceMm SetAndWaitOld: Stubbed. {module: NvDec ; clockRateMin: 270166000 ; clockRateMax: -1}
00:00:58.241 |S| HLE.OsThread.19 ServiceMm GetOld: Stubbed. {module: NvDec}
00:00:58.243 |S| HLE.OsThread.19 ServiceMm SetAndWaitOld: Stubbed. {module: NvDec ; clockRateMin: 244166000 ; clockRateMax: -1}
00:00:58.243 |S| HLE.OsThread.19 ServiceMm GetOld: Stubbed. {module: NvDec}
00:00:58.255 |S| HLE.OsThread.19 ServiceMm SetAndWaitOld: Stubbed. {module: NvDec ; clockRateMin: 220566000 ; clockRateMax: -1}
00:00:58.255 |S| HLE.OsThread.19 ServiceMm GetOld: Stubbed. {module: NvDec}
00:00:58.256 |S| HLE.OsThread.19 ServiceMm SetAndWaitOld: Stubbed. {module: NvDec ; clockRateMin: 200000000 ; clockRateMax: -1}
00:00:58.256 |S| HLE.OsThread.19 ServiceMm GetOld: Stubbed. {module: NvDec}
00:00:58.287 |S| HLE.OsThread.19 ServiceMm SetAndWaitOld: Stubbed. {module: NvDec ; clockRateMin: 200000000 ; clockRateMax: -1}
00:00:58.287 |S| HLE.OsThread.19 ServiceMm GetOld: Stubbed. {module: NvDec}
00:00:58.288 |S| HLE.OsThread.19 ServiceMm SetAndWaitOld: Stubbed. {module: NvDec ; clockRateMin: 200000000 ; clockRateMax: -1}
00:00:58.288 |S| HLE.OsThread.19 ServiceMm GetOld: Stubbed. {module: NvDec}
00:00:58.302 |S| HLE.OsThread.19 ServiceMm SetAndWaitOld: Stubbed. {module: NvDec ; clockRateMin: 200000000 ; clockRateMax: -1}
00:00:58.302 |S| HLE.OsThread.19 ServiceMm GetOld: Stubbed. {module: NvDec}
00:00:58.303 |S| HLE.OsThread.19 ServiceMm SetAndWaitOld: Stubbed. {module: NvDec ; clockRateMin: 200000000 ; clockRateMax: -1}
00:00:58.303 |S| HLE.OsThread.19 ServiceMm GetOld: Stubbed. {module: NvDec}
00:00:58.347 |S| HLE.OsThread.19 ServiceMm SetAndWaitOld: Stubbed. {module: NvDec ; clockRateMin: 200000000 ; clockRateMax: -1}
00:00:58.347 |S| HLE.OsThread.19 ServiceMm GetOld: Stubbed. {module: NvDec}
00:00:58.348 |S| HLE.OsThread.19 ServiceMm SetAndWaitOld: Stubbed. {module: NvDec ; clockRateMin: 200000000 ; clockRateMax: -1}
00:00:58.352 |S| HLE.OsThread.19 ServiceMm GetOld: Stubbed. {module: NvDec}
00:00:58.370 |S| HLE.OsThread.19 ServiceMm SetAndWaitOld: Stubbed. {module: NvDec ; clockRateMin: 200000000 ; clockRateMax: -1}
00:00:58.370 |S| HLE.OsThread.19 ServiceMm GetOld: Stubbed. {module: NvDec}
00:00:58.370 |S| HLE.OsThread.19 ServiceMm SetAndWaitOld: Stubbed. {module: NvDec ; clockRateMin: 200000000 ; clockRateMax: -1}
00:00:58.370 |S| HLE.OsThread.19 ServiceMm GetOld: Stubbed. {module: NvDec}
00:00:58.403 |S| HLE.OsThread.19 ServiceMm SetAndWaitOld: Stubbed. {module: NvDec ; clockRateMin: 200000000 ; clockRateMax: -1}
00:00:58.403 |S| HLE.OsThread.19 ServiceMm GetOld: Stubbed. {module: NvDec}
00:00:58.404 |S| HLE.OsThread.19 ServiceMm SetAndWaitOld: Stubbed. {module: NvDec ; clockRateMin: 200000000 ; clockRateMax: -1}
00:00:58.404 |S| HLE.OsThread.19 ServiceMm GetOld: Stubbed. {module: NvDec}
00:00:58.436 |S| HLE.OsThread.19 ServiceMm SetAndWaitOld: Stubbed. {module: NvDec ; clockRateMin: 200000000 ; clockRateMax: -1}
00:00:58.436 |S| HLE.OsThread.19 ServiceMm GetOld: Stubbed. {module: NvDec}
00:00:58.436 |S| HLE.OsThread.19 ServiceMm SetAndWaitOld: Stubbed. {module: NvDec ; clockRateMin: 200000000 ; clockRateMax: -1}
00:00:58.436 |S| HLE.OsThread.19 ServiceMm GetOld: Stubbed. {module: NvDec}
00:00:58.470 |S| HLE.OsThread.19 ServiceMm SetAndWaitOld: Stubbed. {module: NvDec ; clockRateMin: 200000000 ; clockRateMax: -1}
00:00:58.470 |S| HLE.OsThread.19 ServiceMm GetOld: Stubbed. {module: NvDec}
00:00:58.470 |S| HLE.OsThread.19 ServiceMm SetAndWaitOld: Stubbed. {module: NvDec ; clockRateMin: 200000000 ; clockRateMax: -1}
00:00:58.470 |S| HLE.OsThread.19 ServiceMm GetOld: Stubbed. {module: NvDec}
00:00:58.471 |S| HLE.OsThread.19 ServiceMm SetAndWaitOld: Stubbed. {module: NvDec ; clockRateMin: 200000000 ; clockRateMax: -1}
00:00:58.471 |S| HLE.OsThread.19 ServiceMm GetOld: Stubbed. {module: NvDec}
00:00:58.502 |S| HLE.OsThread.19 ServiceMm SetAndWaitOld: Stubbed. {module: NvDec ; clockRateMin: 200000000 ; clockRateMax: -1}
00:00:58.502 |S| HLE.OsThread.19 ServiceMm GetOld: Stubbed. {module: NvDec}
00:00:58.503 |S| HLE.OsThread.19 ServiceMm SetAndWaitOld: Stubbed. {module: NvDec ; clockRateMin: 200000000 ; clockRateMax: -1}
00:00:58.503 |S| HLE.OsThread.19 ServiceMm GetOld: Stubbed. {module: NvDec}
00:00:58.536 |S| HLE.OsThread.19 ServiceMm SetAndWaitOld: Stubbed. {module: NvDec ; clockRateMin: 200000000 ; clockRateMax: -1}
00:00:58.536 |S| HLE.OsThread.19 ServiceMm GetOld: Stubbed. {module: NvDec}
00:00:58.536 |S| HLE.OsThread.19 ServiceMm SetAndWaitOld: Stubbed. {module: NvDec ; clockRateMin: 200000000 ; clockRateMax: -1}
00:00:58.536 |S| HLE.OsThread.19 ServiceMm GetOld: Stubbed. {module: NvDec}
00:00:58.569 |S| HLE.OsThread.19 ServiceMm SetAndWaitOld: Stubbed. {module: NvDec ; clockRateMin: 200000000 ; clockRateMax: -1}
00:00:58.569 |S| HLE.OsThread.19 ServiceMm GetOld: Stubbed. {module: NvDec}
00:00:58.570 |S| HLE.OsThread.19 ServiceMm SetAndWaitOld: Stubbed. {module: NvDec ; clockRateMin: 200000000 ; clockRateMax: -1}
00:00:58.570 |S| HLE.OsThread.19 ServiceMm GetOld: Stubbed. {module: NvDec}
00:00:58.619 |S| HLE.OsThread.19 ServiceMm SetAndWaitOld: Stubbed. {module: NvDec ; clockRateMin: 200000000 ; clockRateMax: -1}
00:00:58.620 |S| HLE.OsThread.19 ServiceMm GetOld: Stubbed. {module: NvDec}
00:00:58.620 |S| HLE.OsThread.19 ServiceMm SetAndWaitOld: Stubbed. {module: NvDec ; clockRateMin: 200000000 ; clockRateMax: -1}
00:00:58.620 |S| HLE.OsThread.19 ServiceMm GetOld: Stubbed. {module: NvDec}
00:00:58.653 |S| HLE.OsThread.19 ServiceMm SetAndWaitOld: Stubbed. {module: NvDec ; clockRateMin: 200000000 ; clockRateMax: -1}
00:00:58.653 |S| HLE.OsThread.19 ServiceMm GetOld: Stubbed. {module: NvDec}
00:00:58.654 |S| HLE.OsThread.19 ServiceMm SetAndWaitOld: Stubbed. {module: NvDec ; clockRateMin: 200000000 ; clockRateMax: -1}
00:00:58.654 |S| HLE.OsThread.19 ServiceMm GetOld: Stubbed. {module: NvDec}
00:00:58.690 |S| HLE.OsThread.19 ServiceMm SetAndWaitOld: Stubbed. {module: NvDec ; clockRateMin: 200000000 ; clockRateMax: -1}
00:00:58.690 |S| HLE.OsThread.19 ServiceMm GetOld: Stubbed. {module: NvDec}
00:00:58.691 |S| HLE.OsThread.19 ServiceMm SetAndWaitOld: Stubbed. {module: NvDec ; clockRateMin: 200000000 ; clockRateMax: -1}
00:00:58.691 |S| HLE.OsThread.19 ServiceMm GetOld: Stubbed. {module: NvDec}
00:00:58.719 |S| HLE.OsThread.19 ServiceMm SetAndWaitOld: Stubbed. {module: NvDec ; clockRateMin: 200000000 ; clockRateMax: -1}
00:00:58.719 |S| HLE.OsThread.19 ServiceMm GetOld: Stubbed. {module: NvDec}
00:00:58.720 |S| HLE.OsThread.19 ServiceMm SetAndWaitOld: Stubbed. {module: NvDec ; clockRateMin: 200000000 ; clockRateMax: -1}
00:00:58.720 |S| HLE.OsThread.19 ServiceMm GetOld: Stubbed. {module: NvDec}
00:00:58.752 |S| HLE.OsThread.19 ServiceMm SetAndWaitOld: Stubbed. {module: NvDec ; clockRateMin: 200000000 ; clockRateMax: -1}
00:00:58.752 |S| HLE.OsThread.19 ServiceMm GetOld: Stubbed. {module: NvDec}
00:00:58.753 |S| HLE.OsThread.19 ServiceMm SetAndWaitOld: Stubbed. {module: NvDec ; clockRateMin: 200000000 ; clockRateMax: -1}
00:00:58.753 |S| HLE.OsThread.19 ServiceMm GetOld: Stubbed. {module: NvDec}
00:00:58.787 |S| HLE.OsThread.19 ServiceMm SetAndWaitOld: Stubbed. {module: NvDec ; clockRateMin: 200000000 ; clockRateMax: -1}
00:00:58.787 |S| HLE.OsThread.19 ServiceMm GetOld: Stubbed. {module: NvDec}
00:00:58.787 |S| HLE.OsThread.19 ServiceMm SetAndWaitOld: Stubbed. {module: NvDec ; clockRateMin: 200000000 ; clockRateMax: -1}
00:00:58.788 |S| HLE.OsThread.19 ServiceMm GetOld: Stubbed. {module: NvDec}
00:00:58.789 |S| HLE.OsThread.19 ServiceMm SetAndWaitOld: Stubbed. {module: NvDec ; clockRateMin: 200000000 ; clockRateMax: -1}
00:00:58.789 |S| HLE.OsThread.19 ServiceMm GetOld: Stubbed. {module: NvDec}
00:00:58.820 |S| HLE.OsThread.19 ServiceMm SetAndWaitOld: Stubbed. {module: NvDec ; clockRateMin: 200000000 ; clockRateMax: -1}
00:00:58.820 |S| HLE.OsThread.19 ServiceMm GetOld: Stubbed. {module: NvDec}
00:00:58.820 |S| HLE.OsThread.19 ServiceMm SetAndWaitOld: Stubbed. {module: NvDec ; clockRateMin: 200000000 ; clockRateMax: -1}
00:00:58.821 |S| HLE.OsThread.19 ServiceMm GetOld: Stubbed. {module: NvDec}
00:00:58.853 |S| HLE.OsThread.19 ServiceMm SetAndWaitOld: Stubbed. {module: NvDec ; clockRateMin: 200000000 ; clockRateMax: -1}
00:00:58.853 |S| HLE.OsThread.19 ServiceMm GetOld: Stubbed. {module: NvDec}
00:00:58.854 |S| HLE.OsThread.19 ServiceMm SetAndWaitOld: Stubbed. {module: NvDec ; clockRateMin: 200000000 ; clockRateMax: -1}
00:00:58.854 |S| HLE.OsThread.19 ServiceMm GetOld: Stubbed. {module: NvDec}
00:00:58.887 |S| HLE.OsThread.19 ServiceMm SetAndWaitOld: Stubbed. {module: NvDec ; clockRateMin: 252800000 ; clockRateMax: -1}
00:00:58.887 |S| HLE.OsThread.19 ServiceMm GetOld: Stubbed. {module: NvDec}
00:00:58.888 |S| HLE.OsThread.19 ServiceMm SetAndWaitOld: Stubbed. {module: NvDec ; clockRateMin: 252800000 ; clockRateMax: -1}
00:00:58.888 |S| HLE.OsThread.19 ServiceMm GetOld: Stubbed. {module: NvDec}
00:00:58.906 |S| HLE.OsThread.19 ServiceMm SetAndWaitOld: Stubbed. {module: NvDec ; clockRateMin: 252800000 ; clockRateMax: -1}
00:00:58.906 |S| HLE.OsThread.19 ServiceMm GetOld: Stubbed. {module: NvDec}
00:00:58.920 |S| HLE.OsThread.19 ServiceMm SetAndWaitOld: Stubbed. {module: NvDec ; clockRateMin: 228400000 ; clockRateMax: -1}
00:00:58.921 |S| HLE.OsThread.19 ServiceMm GetOld: Stubbed. {module: NvDec}
00:00:58.924 |S| HLE.OsThread.19 ServiceMm SetAndWaitOld: Stubbed. {module: NvDec ; clockRateMin: 206400000 ; clockRateMax: -1}
00:00:58.924 |S| HLE.OsThread.19 ServiceMm GetOld: Stubbed. {module: NvDec}
00:00:58.933 |S| HLE.OsThread.19 ServiceMm SetAndWaitOld: Stubbed. {module: NvDec ; clockRateMin: 200000000 ; clockRateMax: -1}
00:00:58.933 |S| HLE.OsThread.19 ServiceMm GetOld: Stubbed. {module: NvDec}
00:00:58.936 |S| HLE.OsThread.19 ServiceMm SetAndWaitOld: Stubbed. {module: NvDec ; clockRateMin: 252800000 ; clockRateMax: -1}
00:00:58.936 |S| HLE.OsThread.19 ServiceMm GetOld: Stubbed. {module: NvDec}
00:00:58.941 |S| HLE.OsThread.19 ServiceMm SetAndWaitOld: Stubbed. {module: NvDec ; clockRateMin: 228400000 ; clockRateMax: -1}
00:00:58.941 |S| HLE.OsThread.19 ServiceMm GetOld: Stubbed. {module: NvDec}
00:00:58.954 |S| HLE.OsThread.19 ServiceMm SetAndWaitOld: Stubbed. {module: NvDec ; clockRateMin: 206400000 ; clockRateMax: -1}
00:00:58.955 |S| HLE.OsThread.19 ServiceMm GetOld: Stubbed. {module: NvDec}
00:00:58.961 |S| HLE.OsThread.19 ServiceMm SetAndWaitOld: Stubbed. {module: NvDec ; clockRateMin: 200000000 ; clockRateMax: -1}
00:00:58.962 |S| HLE.OsThread.19 ServiceMm GetOld: Stubbed. {module: NvDec}
00:00:58.967 |S| HLE.OsThread.19 ServiceMm SetAndWaitOld: Stubbed. {module: NvDec ; clockRateMin: 200000000 ; clockRateMax: -1}
00:00:58.967 |S| HLE.OsThread.19 ServiceMm GetOld: Stubbed. {module: NvDec}
00:00:58.973 |S| HLE.OsThread.19 ServiceMm SetAndWaitOld: Stubbed. {module: NvDec ; clockRateMin: 200000000 ; clockRateMax: -1}
00:00:58.973 |S| HLE.OsThread.19 ServiceMm GetOld: Stubbed. {module: NvDec}
00:00:58.979 |S| HLE.OsThread.19 ServiceMm SetAndWaitOld: Stubbed. {module: NvDec ; clockRateMin: 200000000 ; clockRateMax: -1}
00:00:58.979 |S| HLE.OsThread.19 ServiceMm GetOld: Stubbed. {module: NvDec}
00:00:58.985 |S| HLE.OsThread.19 ServiceMm SetAndWaitOld: Stubbed. {module: NvDec ; clockRateMin: 200000000 ; clockRateMax: -1}
00:00:58.985 |S| HLE.OsThread.19 ServiceMm GetOld: Stubbed. {module: NvDec}
00:00:58.994 |S| HLE.OsThread.19 ServiceMm SetAndWaitOld: Stubbed. {module: NvDec ; clockRateMin: 200000000 ; clockRateMax: -1}
00:00:58.995 |S| HLE.OsThread.19 ServiceMm GetOld: Stubbed. {module: NvDec}
00:00:59.006 |S| HLE.OsThread.19 ServiceMm SetAndWaitOld: Stubbed. {module: NvDec ; clockRateMin: 200000000 ; clockRateMax: -1}
00:00:59.006 |S| HLE.OsThread.19 ServiceMm GetOld: Stubbed. {module: NvDec}
00:00:59.019 |S| HLE.OsThread.19 ServiceMm SetAndWaitOld: Stubbed. {module: NvDec ; clockRateMin: 200000000 ; clockRateMax: -1}
00:00:59.019 |S| HLE.OsThread.19 ServiceMm GetOld: Stubbed. {module: NvDec}
00:00:59.023 |S| HLE.OsThread.19 ServiceMm SetAndWaitOld: Stubbed. {module: NvDec ; clockRateMin: 200000000 ; clockRateMax: -1}
00:00:59.025 |S| HLE.OsThread.19 ServiceMm GetOld: Stubbed. {module: NvDec}
00:00:59.036 |S| HLE.OsThread.19 ServiceMm SetAndWaitOld: Stubbed. {module: NvDec ; clockRateMin: 200000000 ; clockRateMax: -1}
00:00:59.036 |S| HLE.OsThread.19 ServiceMm GetOld: Stubbed. {module: NvDec}
00:00:59.040 |S| HLE.OsThread.19 ServiceMm SetAndWaitOld: Stubbed. {module: NvDec ; clockRateMin: 200000000 ; clockRateMax: -1}
00:00:59.040 |S| HLE.OsThread.19 ServiceMm GetOld: Stubbed. {module: NvDec}
00:00:59.070 |S| HLE.OsThread.19 ServiceMm SetAndWaitOld: Stubbed. {module: NvDec ; clockRateMin: 200000000 ; clockRateMax: -1}
00:00:59.071 |S| HLE.OsThread.19 ServiceMm GetOld: Stubbed. {module: NvDec}
00:00:59.071 |S| HLE.OsThread.19 ServiceMm SetAndWaitOld: Stubbed. {module: NvDec ; clockRateMin: 200000000 ; clockRateMax: -1}
00:00:59.071 |S| HLE.OsThread.19 ServiceMm GetOld: Stubbed. {module: NvDec}
00:00:59.089 |S| HLE.OsThread.19 ServiceMm SetAndWaitOld: Stubbed. {module: NvDec ; clockRateMin: 200000000 ; clockRateMax: -1}
00:00:59.089 |S| HLE.OsThread.19 ServiceMm GetOld: Stubbed. {module: NvDec}
00:00:59.106 |S| HLE.OsThread.19 ServiceMm SetAndWaitOld: Stubbed. {module: NvDec ; clockRateMin: 200000000 ; clockRateMax: -1}
00:00:59.106 |S| HLE.OsThread.19 ServiceMm GetOld: Stubbed. {module: NvDec}
00:00:59.107 |S| HLE.OsThread.19 ServiceMm SetAndWaitOld: Stubbed. {module: NvDec ; clockRateMin: 200000000 ; clockRateMax: -1}
00:00:59.107 |S| HLE.OsThread.19 ServiceMm GetOld: Stubbed. {module: NvDec}
00:00:59.112 |S| HLE.OsThread.19 ServiceMm SetAndWaitOld: Stubbed. {module: NvDec ; clockRateMin: 200000000 ; clockRateMax: -1}
00:00:59.112 |S| HLE.OsThread.19 ServiceMm GetOld: Stubbed. {module: NvDec}
00:00:59.123 |S| HLE.OsThread.19 ServiceMm SetAndWaitOld: Stubbed. {module: NvDec ; clockRateMin: 200000000 ; clockRateMax: -1}
00:00:59.123 |S| HLE.OsThread.19 ServiceMm GetOld: Stubbed. {module: NvDec}
00:00:59.124 |S| HLE.OsThread.19 ServiceMm SetAndWaitOld: Stubbed. {module: NvDec ; clockRateMin: 200000000 ; clockRateMax: -1}
00:00:59.125 |S| HLE.OsThread.19 ServiceMm GetOld: Stubbed. {module: NvDec}
00:00:59.136 |S| HLE.OsThread.19 ServiceMm SetAndWaitOld: Stubbed. {module: NvDec ; clockRateMin: 200000000 ; clockRateMax: -1}
00:00:59.136 |S| HLE.OsThread.19 ServiceMm GetOld: Stubbed. {module: NvDec}
00:00:59.138 |S| HLE.OsThread.19 ServiceMm SetAndWaitOld: Stubbed. {module: NvDec ; clockRateMin: 200000000 ; clockRateMax: -1}
00:00:59.139 |S| HLE.OsThread.19 ServiceMm GetOld: Stubbed. {module: NvDec}
00:00:59.142 |S| HLE.OsThread.19 ServiceMm SetAndWaitOld: Stubbed. {module: NvDec ; clockRateMin: 200000000 ; clockRateMax: -1}
00:00:59.142 |S| HLE.OsThread.19 ServiceMm GetOld: Stubbed. {module: NvDec}
00:00:59.150 |S| HLE.OsThread.19 ServiceMm SetAndWaitOld: Stubbed. {module: NvDec ; clockRateMin: 252800000 ; clockRateMax: -1}
00:00:59.151 |S| HLE.OsThread.19 ServiceMm GetOld: Stubbed. {module: NvDec}
00:00:59.156 |S| HLE.OsThread.19 ServiceMm SetAndWaitOld: Stubbed. {module: NvDec ; clockRateMin: 228400000 ; clockRateMax: -1}
00:00:59.156 |S| HLE.OsThread.19 ServiceMm GetOld: Stubbed. {module: NvDec}
00:00:59.158 |S| HLE.OsThread.19 ServiceMm SetAndWaitOld: Stubbed. {module: NvDec ; clockRateMin: 206400000 ; clockRateMax: -1}
00:00:59.158 |S| HLE.OsThread.19 ServiceMm GetOld: Stubbed. {module: NvDec}
00:00:59.165 |S| HLE.OsThread.19 ServiceMm SetAndWaitOld: Stubbed. {module: NvDec ; clockRateMin: 200000000 ; clockRateMax: -1}
00:00:59.165 |S| HLE.OsThread.19 ServiceMm GetOld: Stubbed. {module: NvDec}
00:00:59.171 |S| HLE.OsThread.19 ServiceMm SetAndWaitOld: Stubbed. {module: NvDec ; clockRateMin: 200000000 ; clockRateMax: -1}
00:00:59.171 |S| HLE.OsThread.19 ServiceMm GetOld: Stubbed. {module: NvDec}
00:00:59.173 |S| HLE.OsThread.19 ServiceMm SetAndWaitOld: Stubbed. {module: NvDec ; clockRateMin: 200000000 ; clockRateMax: -1}
00:00:59.173 |S| HLE.OsThread.19 ServiceMm GetOld: Stubbed. {module: NvDec}
00:00:59.177 |S| HLE.OsThread.19 ServiceMm SetAndWaitOld: Stubbed. {module: NvDec ; clockRateMin: 200000000 ; clockRateMax: -1}
00:00:59.180 |S| HLE.OsThread.19 ServiceMm GetOld: Stubbed. {module: NvDec}
00:00:59.192 |S| HLE.OsThread.19 ServiceMm SetAndWaitOld: Stubbed. {module: NvDec ; clockRateMin: 200000000 ; clockRateMax: -1}
00:00:59.193 |S| HLE.OsThread.19 ServiceMm GetOld: Stubbed. {module: NvDec}
00:00:59.203 |S| HLE.OsThread.19 ServiceMm SetAndWaitOld: Stubbed. {module: NvDec ; clockRateMin: 200000000 ; clockRateMax: -1}
00:00:59.203 |S| HLE.OsThread.19 ServiceMm GetOld: Stubbed. {module: NvDec}
00:00:59.220 |S| HLE.OsThread.19 ServiceMm SetAndWaitOld: Stubbed. {module: NvDec ; clockRateMin: 252800000 ; clockRateMax: -1}
00:00:59.220 |S| HLE.OsThread.19 ServiceMm GetOld: Stubbed. {module: NvDec}
00:00:59.229 |S| HLE.OsThread.19 ServiceMm SetAndWaitOld: Stubbed. {module: NvDec ; clockRateMin: 228400000 ; clockRateMax: -1}
00:00:59.231 |S| HLE.OsThread.19 ServiceMm GetOld: Stubbed. {module: NvDec}
00:00:59.237 |S| HLE.OsThread.19 ServiceMm SetAndWaitOld: Stubbed. {module: NvDec ; clockRateMin: 206400000 ; clockRateMax: -1}
00:00:59.238 |S| HLE.OsThread.19 ServiceMm GetOld: Stubbed. {module: NvDec}
00:00:59.248 |S| HLE.OsThread.19 ServiceMm SetAndWaitOld: Stubbed. {module: NvDec ; clockRateMin: 200000000 ; clockRateMax: -1}
00:00:59.249 |S| HLE.OsThread.19 ServiceMm GetOld: Stubbed. {module: NvDec}
00:00:59.270 |S| HLE.OsThread.19 ServiceMm SetAndWaitOld: Stubbed. {module: NvDec ; clockRateMin: 200000000 ; clockRateMax: -1}
00:00:59.270 |S| HLE.OsThread.19 ServiceMm GetOld: Stubbed. {module: NvDec}
00:00:59.286 |S| HLE.OsThread.19 ServiceMm SetAndWaitOld: Stubbed. {module: NvDec ; clockRateMin: 200000000 ; clockRateMax: -1}
00:00:59.286 |S| HLE.OsThread.19 ServiceMm GetOld: Stubbed. {module: NvDec}
00:00:59.303 |S| HLE.OsThread.19 ServiceMm SetAndWaitOld: Stubbed. {module: NvDec ; clockRateMin: 200000000 ; clockRateMax: -1}
00:00:59.303 |S| HLE.OsThread.19 ServiceMm GetOld: Stubbed. {module: NvDec}
00:00:59.337 |S| HLE.OsThread.19 ServiceMm SetAndWaitOld: Stubbed. {module: NvDec ; clockRateMin: 200000000 ; clockRateMax: -1}
00:00:59.337 |S| HLE.OsThread.19 ServiceMm GetOld: Stubbed. {module: NvDec}
00:00:59.353 |S| HLE.OsThread.19 ServiceMm SetAndWaitOld: Stubbed. {module: NvDec ; clockRateMin: 200000000 ; clockRateMax: -1}
00:00:59.353 |S| HLE.OsThread.19 ServiceMm GetOld: Stubbed. {module: NvDec}
00:00:59.398 |S| HLE.OsThread.19 ServiceMm SetAndWaitOld: Stubbed. {module: NvDec ; clockRateMin: 200000000 ; clockRateMax: -1}
00:00:59.398 |S| HLE.OsThread.19 ServiceMm GetOld: Stubbed. {module: NvDec}
00:00:59.400 |S| HLE.OsThread.19 ServiceMm SetAndWaitOld: Stubbed. {module: NvDec ; clockRateMin: 200000000 ; clockRateMax: -1}
00:00:59.400 |S| HLE.OsThread.19 ServiceMm GetOld: Stubbed. {module: NvDec}
00:00:59.419 |S| HLE.OsThread.19 ServiceMm SetAndWaitOld: Stubbed. {module: NvDec ; clockRateMin: 200000000 ; clockRateMax: -1}
00:00:59.419 |S| HLE.OsThread.19 ServiceMm GetOld: Stubbed. {module: NvDec}
00:00:59.422 |I| HLE.OsThread.22 ServicePrepo ProcessPlayReport: 
PlayReport log:
 Kind: Normal
 Pid: 127
 ApplicationVersion: 0
 UserId: 00000000000000010000000000000000
 Room: ui 
 Report: {
    "SequenceTime": 20260505214820,
    "SequenceNumber": 2,
    "To": "VS",
    "From": "Single"
}

00:00:59.433 |S| HLE.OsThread.19 ServiceMm SetAndWaitOld: Stubbed. {module: NvDec ; clockRateMin: 200000000 ; clockRateMax: -1}
00:00:59.433 |S| HLE.OsThread.19 ServiceMm GetOld: Stubbed. {module: NvDec}
00:00:59.440 |S| HLE.OsThread.19 ServiceMm SetAndWaitOld: Stubbed. {module: NvDec ; clockRateMin: 200000000 ; clockRateMax: -1}
00:00:59.440 |S| HLE.OsThread.19 ServiceMm GetOld: Stubbed. {module: NvDec}
00:00:59.441 |S| HLE.OsThread.19 ServiceMm SetAndWaitOld: Stubbed. {module: NvDec ; clockRateMin: 200000000 ; clockRateMax: -1}
00:00:59.441 |S| HLE.OsThread.19 ServiceMm GetOld: Stubbed. {module: NvDec}
00:00:59.469 |S| HLE.OsThread.19 ServiceMm SetAndWaitOld: Stubbed. {module: NvDec ; clockRateMin: 200000000 ; clockRateMax: -1}
00:00:59.469 |S| HLE.OsThread.19 ServiceMm GetOld: Stubbed. {module: NvDec}
00:00:59.486 |S| HLE.OsThread.19 ServiceMm SetAndWaitOld: Stubbed. {module: NvDec ; clockRateMin: 200000000 ; clockRateMax: -1}
00:00:59.487 |S| HLE.OsThread.19 ServiceMm GetOld: Stubbed. {module: NvDec}
00:00:59.507 |S| HLE.OsThread.19 ServiceMm SetAndWaitOld: Stubbed. {module: NvDec ; clockRateMin: 200000000 ; clockRateMax: -1}
00:00:59.507 |S| HLE.OsThread.19 ServiceMm GetOld: Stubbed. {module: NvDec}
00:00:59.507 |S| HLE.OsThread.19 ServiceMm SetAndWaitOld: Stubbed. {module: NvDec ; clockRateMin: 200000000 ; clockRateMax: -1}
00:00:59.508 |S| HLE.OsThread.19 ServiceMm GetOld: Stubbed. {module: NvDec}
00:00:59.536 |S| HLE.OsThread.19 ServiceMm SetAndWaitOld: Stubbed. {module: NvDec ; clockRateMin: 200000000 ; clockRateMax: -1}
00:00:59.536 |S| HLE.OsThread.19 ServiceMm GetOld: Stubbed. {module: NvDec}
00:00:59.553 |S| HLE.OsThread.19 ServiceMm SetAndWaitOld: Stubbed. {module: NvDec ; clockRateMin: 200000000 ; clockRateMax: -1}
00:00:59.553 |S| HLE.OsThread.19 ServiceMm GetOld: Stubbed. {module: NvDec}
00:00:59.571 |S| HLE.OsThread.19 ServiceMm SetAndWaitOld: Stubbed. {module: NvDec ; clockRateMin: 200000000 ; clockRateMax: -1}
00:00:59.571 |S| HLE.OsThread.19 ServiceMm GetOld: Stubbed. {module: NvDec}
00:00:59.571 |S| HLE.OsThread.19 ServiceMm SetAndWaitOld: Stubbed. {module: NvDec ; clockRateMin: 200000000 ; clockRateMax: -1}
00:00:59.572 |S| HLE.OsThread.19 ServiceMm GetOld: Stubbed. {module: NvDec}
00:00:59.602 |S| HLE.OsThread.19 ServiceMm SetAndWaitOld: Stubbed. {module: NvDec ; clockRateMin: 200000000 ; clockRateMax: -1}
00:00:59.602 |S| HLE.OsThread.19 ServiceMm GetOld: Stubbed. {module: NvDec}
00:00:59.619 |S| HLE.OsThread.19 ServiceMm SetAndWaitOld: Stubbed. {module: NvDec ; clockRateMin: 200000000 ; clockRateMax: -1}
00:00:59.619 |S| HLE.OsThread.19 ServiceMm GetOld: Stubbed. {module: NvDec}
00:00:59.637 |S| HLE.OsThread.19 ServiceMm SetAndWaitOld: Stubbed. {module: NvDec ; clockRateMin: 200000000 ; clockRateMax: -1}
00:00:59.637 |S| HLE.OsThread.19 ServiceMm GetOld: Stubbed. {module: NvDec}
00:00:59.638 |S| HLE.OsThread.19 ServiceMm SetAndWaitOld: Stubbed. {module: NvDec ; clockRateMin: 200000000 ; clockRateMax: -1}
00:00:59.638 |S| HLE.OsThread.19 ServiceMm GetOld: Stubbed. {module: NvDec}
00:00:59.669 |S| HLE.OsThread.19 ServiceMm SetAndWaitOld: Stubbed. {module: NvDec ; clockRateMin: 200000000 ; clockRateMax: -1}
00:00:59.669 |S| HLE.OsThread.19 ServiceMm GetOld: Stubbed. {module: NvDec}
00:00:59.686 |S| HLE.OsThread.19 ServiceMm SetAndWaitOld: Stubbed. {module: NvDec ; clockRateMin: 200000000 ; clockRateMax: -1}
00:00:59.686 |S| HLE.OsThread.19 ServiceMm GetOld: Stubbed. {module: NvDec}
00:00:59.705 |S| HLE.OsThread.19 ServiceMm SetAndWaitOld: Stubbed. {module: NvDec ; clockRateMin: 200000000 ; clockRateMax: -1}
00:00:59.705 |S| HLE.OsThread.19 ServiceMm GetOld: Stubbed. {module: NvDec}
00:00:59.705 |S| HLE.OsThread.19 ServiceMm SetAndWaitOld: Stubbed. {module: NvDec ; clockRateMin: 200000000 ; clockRateMax: -1}
00:00:59.705 |S| HLE.OsThread.19 ServiceMm GetOld: Stubbed. {module: NvDec}
00:00:59.735 |S| HLE.OsThread.19 ServiceMm SetAndWaitOld: Stubbed. {module: NvDec ; clockRateMin: 200000000 ; clockRateMax: -1}
00:00:59.736 |S| HLE.OsThread.19 ServiceMm GetOld: Stubbed. {module: NvDec}
00:00:59.753 |S| HLE.OsThread.19 ServiceMm SetAndWaitOld: Stubbed. {module: NvDec ; clockRateMin: 200000000 ; clockRateMax: -1}
00:00:59.753 |S| HLE.OsThread.19 ServiceMm GetOld: Stubbed. {module: NvDec}
00:00:59.770 |S| HLE.OsThread.19 ServiceMm SetAndWaitOld: Stubbed. {module: NvDec ; clockRateMin: 200000000 ; clockRateMax: -1}
00:00:59.770 |S| HLE.OsThread.19 ServiceMm GetOld: Stubbed. {module: NvDec}
00:00:59.771 |S| HLE.OsThread.19 ServiceMm SetAndWaitOld: Stubbed. {module: NvDec ; clockRateMin: 200000000 ; clockRateMax: -1}
00:00:59.771 |S| HLE.OsThread.19 ServiceMm GetOld: Stubbed. {module: NvDec}
00:00:59.802 |S| HLE.OsThread.19 ServiceMm SetAndWaitOld: Stubbed. {module: NvDec ; clockRateMin: 200000000 ; clockRateMax: -1}
00:00:59.802 |S| HLE.OsThread.19 ServiceMm GetOld: Stubbed. {module: NvDec}
00:00:59.819 |S| HLE.OsThread.19 ServiceMm SetAndWaitOld: Stubbed. {module: NvDec ; clockRateMin: 200000000 ; clockRateMax: -1}
00:00:59.819 |S| HLE.OsThread.19 ServiceMm GetOld: Stubbed. {module: NvDec}
00:00:59.838 |S| HLE.OsThread.19 ServiceMm SetAndWaitOld: Stubbed. {module: NvDec ; clockRateMin: 200000000 ; clockRateMax: -1}
00:00:59.838 |S| HLE.OsThread.19 ServiceMm GetOld: Stubbed. {module: NvDec}
00:00:59.839 |S| HLE.OsThread.19 ServiceMm SetAndWaitOld: Stubbed. {module: NvDec ; clockRateMin: 200000000 ; clockRateMax: -1}
00:00:59.839 |S| HLE.OsThread.19 ServiceMm GetOld: Stubbed. {module: NvDec}
00:00:59.869 |S| HLE.OsThread.19 ServiceMm SetAndWaitOld: Stubbed. {module: NvDec ; clockRateMin: 200000000 ; clockRateMax: -1}
00:00:59.869 |S| HLE.OsThread.19 ServiceMm GetOld: Stubbed. {module: NvDec}
00:00:59.900 |S| HLE.OsThread.19 ServiceMm SetAndWaitOld: Stubbed. {module: NvDec ; clockRateMin: 200000000 ; clockRateMax: -1}
00:00:59.902 |S| HLE.OsThread.19 ServiceMm GetOld: Stubbed. {module: NvDec}
00:00:59.927 |S| HLE.OsThread.19 ServiceMm SetAndWaitOld: Stubbed. {module: NvDec ; clockRateMin: 200000000 ; clockRateMax: -1}
00:00:59.927 |S| HLE.OsThread.19 ServiceMm GetOld: Stubbed. {module: NvDec}
00:00:59.930 |S| HLE.OsThread.19 ServiceMm SetAndWaitOld: Stubbed. {module: NvDec ; clockRateMin: 200000000 ; clockRateMax: -1}
00:00:59.932 |S| HLE.OsThread.19 ServiceMm GetOld: Stubbed. {module: NvDec}
00:00:59.945 |S| HLE.OsThread.19 ServiceMm SetAndWaitOld: Stubbed. {module: NvDec ; clockRateMin: 200000000 ; clockRateMax: -1}
00:00:59.946 |S| HLE.OsThread.19 ServiceMm GetOld: Stubbed. {module: NvDec}
00:00:59.954 |S| HLE.OsThread.19 ServiceMm SetAndWaitOld: Stubbed. {module: NvDec ; clockRateMin: 200000000 ; clockRateMax: -1}
00:00:59.954 |S| HLE.OsThread.19 ServiceMm GetOld: Stubbed. {module: NvDec}
00:00:59.970 |S| HLE.OsThread.19 ServiceMm SetAndWaitOld: Stubbed. {module: NvDec ; clockRateMin: 200000000 ; clockRateMax: -1}
00:00:59.970 |S| HLE.OsThread.19 ServiceMm GetOld: Stubbed. {module: NvDec}
00:00:59.971 |S| HLE.OsThread.19 ServiceMm SetAndWaitOld: Stubbed. {module: NvDec ; clockRateMin: 200000000 ; clockRateMax: -1}
00:00:59.971 |S| HLE.OsThread.19 ServiceMm GetOld: Stubbed. {module: NvDec}
00:01:00.009 |S| HLE.OsThread.19 ServiceMm SetAndWaitOld: Stubbed. {module: NvDec ; clockRateMin: 200000000 ; clockRateMax: -1}
00:01:00.012 |S| HLE.OsThread.19 ServiceMm GetOld: Stubbed. {module: NvDec}
00:01:00.059 |S| HLE.OsThread.19 ServiceMm SetAndWaitOld: Stubbed. {module: NvDec ; clockRateMin: 200000000 ; clockRateMax: -1}
00:01:00.059 |S| HLE.OsThread.19 ServiceMm GetOld: Stubbed. {module: NvDec}
00:01:00.060 |S| HLE.OsThread.19 ServiceMm SetAndWaitOld: Stubbed. {module: NvDec ; clockRateMin: 200000000 ; clockRateMax: -1}
00:01:00.061 |S| HLE.OsThread.19 ServiceMm GetOld: Stubbed. {module: NvDec}
00:01:00.072 |S| HLE.OsThread.19 ServiceMm SetAndWaitOld: Stubbed. {module: NvDec ; clockRateMin: 200000000 ; clockRateMax: -1}
00:01:00.072 |S| HLE.OsThread.19 ServiceMm GetOld: Stubbed. {module: NvDec}
00:01:00.081 |S| HLE.OsThread.19 ServiceMm SetAndWaitOld: Stubbed. {module: NvDec ; clockRateMin: 200000000 ; clockRateMax: -1}
00:01:00.081 |S| HLE.OsThread.19 ServiceMm GetOld: Stubbed. {module: NvDec}
00:01:00.100 |S| HLE.OsThread.19 ServiceMm SetAndWaitOld: Stubbed. {module: NvDec ; clockRateMin: 200000000 ; clockRateMax: -1}
00:01:00.100 |S| HLE.OsThread.19 ServiceMm GetOld: Stubbed. {module: NvDec}
00:01:00.103 |S| HLE.OsThread.19 ServiceMm SetAndWaitOld: Stubbed. {module: NvDec ; clockRateMin: 200000000 ; clockRateMax: -1}
00:01:00.103 |S| HLE.OsThread.19 ServiceMm GetOld: Stubbed. {module: NvDec}
00:01:00.107 |S| HLE.OsThread.19 ServiceMm SetAndWaitOld: Stubbed. {module: NvDec ; clockRateMin: 200000000 ; clockRateMax: -1}
00:01:00.108 |S| HLE.OsThread.19 ServiceMm GetOld: Stubbed. {module: NvDec}
00:01:00.114 |S| HLE.OsThread.19 ServiceMm SetAndWaitOld: Stubbed. {module: NvDec ; clockRateMin: 200000000 ; clockRateMax: -1}
00:01:00.115 |S| HLE.OsThread.19 ServiceMm GetOld: Stubbed. {module: NvDec}
00:01:00.132 |S| HLE.OsThread.19 ServiceMm SetAndWaitOld: Stubbed. {module: NvDec ; clockRateMin: 200000000 ; clockRateMax: -1}
00:01:00.132 |S| HLE.OsThread.19 ServiceMm GetOld: Stubbed. {module: NvDec}
00:01:00.136 |S| HLE.OsThread.19 ServiceMm SetAndWaitOld: Stubbed. {module: NvDec ; clockRateMin: 200000000 ; clockRateMax: -1}
00:01:00.137 |S| HLE.OsThread.19 ServiceMm GetOld: Stubbed. {module: NvDec}
00:01:00.169 |S| HLE.OsThread.19 ServiceMm SetAndWaitOld: Stubbed. {module: NvDec ; clockRateMin: 200000000 ; clockRateMax: -1}
00:01:00.169 |S| HLE.OsThread.19 ServiceMm GetOld: Stubbed. {module: NvDec}
00:01:00.169 |S| HLE.OsThread.19 ServiceMm SetAndWaitOld: Stubbed. {module: NvDec ; clockRateMin: 200000000 ; clockRateMax: -1}
00:01:00.170 |S| HLE.OsThread.19 ServiceMm GetOld: Stubbed. {module: NvDec}
00:01:09.832 |I| HLE.OsThread.22 ServicePrepo ProcessPlayReport: 
PlayReport log:
 Kind: Normal
 Pid: 127
 ApplicationVersion: 0
 UserId: 00000000000000010000000000000000
 Room: ui 
 Report: {
    "SequenceTime": 20260505214830,
    "SequenceNumber": 3,
    "To": "Race",
    "From": "RaceStart"
}

00:01:11.064 |S| HLE.OsThread.19 ServiceMm SetAndWaitOld: Stubbed. {module: NvDec ; clockRateMin: 200000000 ; clockRateMax: -1}
00:01:11.068 |S| HLE.OsThread.19 ServiceMm GetOld: Stubbed. {module: NvDec}
00:01:11.069 |S| HLE.OsThread.19 ServiceMm SetAndWaitOld: Stubbed. {module: NvDec ; clockRateMin: 4294966296 ; clockRateMax: -1}
00:01:11.069 |S| HLE.OsThread.19 ServiceMm GetOld: Stubbed. {module: NvDec}
00:01:11.070 |S| HLE.OsThread.19 ServiceMm SetAndWaitOld: Stubbed. {module: NvDec ; clockRateMin: 4294966296 ; clockRateMax: -1}
00:01:11.070 |S| HLE.OsThread.19 ServiceMm GetOld: Stubbed. {module: NvDec}
00:01:11.070 |S| HLE.OsThread.19 ServiceMm SetAndWaitOld: Stubbed. {module: NvDec ; clockRateMin: 4294966296 ; clockRateMax: -1}
00:01:11.070 |S| HLE.OsThread.19 ServiceMm GetOld: Stubbed. {module: NvDec}
00:01:11.071 |S| HLE.OsThread.19 ServiceMm SetAndWaitOld: Stubbed. {module: NvDec ; clockRateMin: 0 ; clockRateMax: -1}
00:01:11.071 |S| HLE.OsThread.19 ServiceMm FinalizeOld: Stubbed. {module: NvDec}
00:01:21.118 |W| HLE.OsThread.4 ServiceNv Wait: GPU processing thread is too slow, waiting on CPU...
00:01:22.118 |E| HLE.OsThread.4 Gpu WaitOnSyncpoint: Wait on syncpoint 1 for threshold 6435 took more than 1000ms, resuming execution...
00:01:24.168 |W| HLE.OsThread.4 ServiceNv Wait: GPU processing thread is too slow, waiting on CPU...
00:01:24.551 |W| HLE.OsThread.4 ServiceNv Wait: GPU processing thread is too slow, waiting on CPU...
00:01:27.458 |I| .NET TP Worker Ptc Save: Saved Profiling Info (size: 170353 bytes, profiled functions: 56484).
00:01:57.809 |I| .NET TP Worker Ptc Save: Saved Profiling Info (size: 170371 bytes, profiled functions: 56491).
00:02:27.551 |I| .NET TP Worker Ptc Save: Saved Profiling Info (size: 170403 bytes, profiled functions: 56501).
00:02:57.817 |I| .NET TP Worker Ptc Save: Saved Profiling Info (size: 170458 bytes, profiled functions: 56516).
00:03:15.219 |W| HLE.OsThread.4 ServiceNv Wait: GPU processing thread is too slow, waiting on CPU...
00:03:27.447 |I| .NET TP Worker Ptc Save: Saved Profiling Info (size: 170488 bytes, profiled functions: 56524).
00:03:37.026 |I| HLE.OsThread.22 ServicePrepo ProcessPlayReport: 
PlayReport log:
 Kind: Normal
 Pid: 127
 ApplicationVersion: 0
 UserId: 00000000000000010000000000000000
 Room: match 
 Report: {
    "BeginTime": 20260505214847,
    "Nation": "-",
    "RaceNo": 0,
    "Mode": "Offline",
    "Rule": "VS",
    "Engine": "200cc",
    "Course": "Gu_FirstCircuit",
    "ItemPattern": "Normal",
    "BattleTime": "-",
    "CPU": "Normal",
    "TeamMode": "Disable",
    "KartNum": 12,
    "BeginActiveUserNum": 1,
    "LocalPlayerNum": 1,
    "Controller": "NXFullkey",
    "Driver": "Mario",
    "Body": "K_Std",
    "Tire": "Std",
    "Wing": "Std",
    "Team": "None",
    "BeginRate": 0,
    "GatheringID": 0,
    "RankHistory1": {
        "TypeCode": 0,
        "Value": "0x000000001112112C"
    },
    "RankHistory2": {
        "TypeCode": 0,
        "Value": "0x0000000000000000"
    },
    "FinishReason": "Finish",
    "EndTime": 20260505215057,
    "Drift": 18,
    "MiniTurbo1": 11,
    "MiniTurbo2": 4,
    "MiniTurbo3": 0,
    "JumpAction": 3,
    "JugemRescue": 0,
    "CoinNum": 7,
    "RunTimeFrame": 6224,
    "GyroTimeFrame": 0,
    "AssistTimeFrame": 6224,
    "AutoAccelTimeFrame": 0,
    "ShowMapTimeFrame": 6224,
    "GainPoints": 0,
    "LosePoints": 0,
    "Rank": 1,
    "WinLose": "None",
    "Points": 15,
    "WinNation": "-",
    "DrawNation": "-",
    "LoseNation": "-",
    "ErrorCode": "-",
    "AppError": "-",
    "EndActiveUserNum": 1,
    "EndRate": 0
}

00:03:37.026 |S| HLE.OsThread.47 ServiceAm LockExit: Stubbed. 
00:03:37.215 |S| HLE.OsThread.47 ServiceAm UnlockExit: Stubbed. 
00:03:48.569 |S| HLE.OsThread.47 ServiceAm LockExit: Stubbed. 
00:03:49.241 |S| HLE.OsThread.47 ServiceAm UnlockExit: Stubbed. 
00:03:53.491 |S| HLE.OsThread.47 ServiceAm SetFocusHandlingMode: Stubbed. {unknownFlag1: True ; unknownFlag2: False ; unknownFlag3: True}
00:03:53.781 |W| HLE.OsThread.4 ServiceNv Wait: GPU processing thread is too slow, waiting on CPU...
00:03:57.449 |I| .NET TP Worker Ptc Save: Saved Profiling Info (size: 170576 bytes, profiled functions: 56550).
00:03:58.731 |W| HLE.GuestThread.53 KernelSvc : WaitProcessWideKeyAtomic() = TerminationRequested
00:03:58.731 |W| HLE.GuestThread.48 KernelSvc : SendSyncRequest() = TerminationRequested
00:03:58.731 |W| HLE.GuestThread.46 KernelSvc : ArbitrateLock() = TerminationRequested
00:03:58.731 |W| HLE.GuestThread.55 KernelSvc : WaitProcessWideKeyAtomic() = TerminationRequested
00:03:58.731 |W| HLE.GuestThread.50 KernelSvc : WaitProcessWideKeyAtomic() = TerminationRequested
00:03:58.731 |W| HLE.GuestThread.49 KernelSvc : WaitProcessWideKeyAtomic() = TerminationRequested
00:03:58.731 |W| HLE.GuestThread.69 KernelSvc : WaitProcessWideKeyAtomic() = TerminationRequested
00:03:58.731 |W| HLE.GuestThread.56 KernelSvc : WaitProcessWideKeyAtomic() = TerminationRequested
00:03:58.731 |W| HLE.GuestThread.52 KernelSvc : WaitProcessWideKeyAtomic() = TerminationRequested
00:03:58.731 |W| HLE.GuestThread.112 KernelSvc : WaitProcessWideKeyAtomic() = TerminationRequested
00:03:58.731 |W| HLE.GuestThread.57 KernelSvc : WaitProcessWideKeyAtomic() = TerminationRequested
00:03:58.731 |W| HLE.GuestThread.58 KernelSvc : WaitProcessWideKeyAtomic() = TerminationRequested
00:03:58.731 |W| HLE.GuestThread.54 KernelSvc : WaitProcessWideKeyAtomic() = TerminationRequested
00:03:58.731 |W| HLE.GuestThread.113 KernelSvc : WaitProcessWideKeyAtomic() = TerminationRequested
00:03:58.731 |W| HLE.GuestThread.59 KernelSvc : WaitProcessWideKeyAtomic() = TerminationRequested
00:03:58.731 |W| HLE.GuestThread.60 KernelSvc : WaitProcessWideKeyAtomic() = TerminationRequested
00:03:58.731 |W| HLE.GuestThread.71 KernelSvc : WaitProcessWideKeyAtomic() = TerminationRequested
00:03:58.731 |W| HLE.GuestThread.61 KernelSvc : WaitProcessWideKeyAtomic() = TerminationRequested
00:03:58.731 |W| HLE.GuestThread.72 KernelSvc : WaitProcessWideKeyAtomic() = TerminationRequested
00:03:58.731 |W| HLE.GuestThread.62 KernelSvc : WaitProcessWideKeyAtomic() = TerminationRequested
00:03:58.731 |W| HLE.GuestThread.63 KernelSvc : WaitProcessWideKeyAtomic() = TerminationRequested
00:03:58.732 |W| HLE.GuestThread.64 KernelSvc : WaitSynchronization(handleIndex: 0xFFFFFFFF) = TerminationRequested
00:03:58.732 |W| HLE.GuestThread.73 KernelSvc : WaitSynchronization(handleIndex: 0xFFFFFFFF) = TerminationRequested
00:03:58.732 |W| HLE.GuestThread.70 KernelSvc : WaitProcessWideKeyAtomic() = TerminationRequested
00:03:58.732 |W| HLE.GuestThread.74 KernelSvc : WaitProcessWideKeyAtomic() = TerminationRequested
00:03:58.732 |W| HLE.GuestThread.75 KernelSvc : WaitProcessWideKeyAtomic() = TerminationRequested
00:03:58.732 |W| HLE.GuestThread.78 KernelSvc : WaitProcessWideKeyAtomic() = TerminationRequested
00:03:58.732 |W| HLE.GuestThread.77 KernelSvc : WaitProcessWideKeyAtomic() = TerminationRequested
00:03:58.732 |W| HLE.GuestThread.79 KernelSvc : WaitProcessWideKeyAtomic() = TerminationRequested
00:03:58.732 |W| HLE.GuestThread.80 KernelSvc : WaitProcessWideKeyAtomic() = TerminationRequested
00:03:58.732 |W| HLE.GuestThread.117 KernelSvc : WaitProcessWideKeyAtomic() = TerminationRequested
00:03:58.732 |W| HLE.GuestThread.118 KernelSvc : WaitProcessWideKeyAtomic() = TerminationRequested
00:03:58.732 |W| HLE.GuestThread.119 KernelSvc : WaitProcessWideKeyAtomic() = TerminationRequested
00:03:58.732 |W| HLE.GuestThread.120 KernelSvc : WaitProcessWideKeyAtomic() = TerminationRequested
00:03:58.732 |W| HLE.GuestThread.121 KernelSvc : WaitProcessWideKeyAtomic() = TerminationRequested
00:03:58.732 |W| HLE.GuestThread.122 KernelSvc : WaitProcessWideKeyAtomic() = TerminationRequested
00:03:58.735 |I| HLE.OsThread.11 AudioRenderer Stop: Stopping renderer id 0
00:03:58.735 |I| HLE.OsThread.11 AudioRenderer Stop: Stopped renderer id 0
00:03:58.735 |I| HLE.OsThread.11 AudioRenderer ReleaseSessionId: Unregistered renderer (0)
00:03:58.736 |E| HLE.OsThread.7 SurfaceFlinger DequeueBuffer: No available buffer slots
00:03:58.739 |E| HLE.OsThread.7 SurfaceFlinger OnTransact: Error returned by transaction DequeueBuffer: Busy
00:03:58.744 |I| AudioProcessor.Worker AudioRenderer Work: Stopping audio processor
00:03:58.812 |I| HLE.OsThread.11 AudioRenderer StopLocked: Stopped audio renderer
00:03:58.865 |W| GUI.WindowThread ServiceNv Close: Closing channel
00:03:58.866 |W| GUI.WindowThread ServiceNv Close: Closing channel
00:03:58.866 |W| GUI.WindowThread ServiceNv Close: Closing channel
